{"/app/src/views/BookingCreate.vue": {"path":"/app/src/views/BookingCreate.vue","all":false,"statementMap":{"1":{"start":{"line":2,"column":0},"end":{"line":2,"column":44}},"2":{"start":{"line":3,"column":0},"end":{"line":3,"column":34}},"3":{"start":{"line":4,"column":0},"end":{"line":4,"column":48}},"4":{"start":{"line":5,"column":0},"end":{"line":5,"column":126}},"5":{"start":{"line":6,"column":0},"end":{"line":6,"column":61}},"6":{"start":{"line":7,"column":0},"end":{"line":7,"column":12}},"8":{"start":{"line":9,"column":0},"end":{"line":9,"column":27}},"9":{"start":{"line":10,"column":0},"end":{"line":10,"column":84}},"10":{"start":{"line":11,"column":0},"end":{"line":11,"column":57}},"11":{"start":{"line":12,"column":0},"end":{"line":12,"column":69}},"12":{"start":{"line":13,"column":0},"end":{"line":13,"column":70}},"14":{"start":{"line":15,"column":0},"end":{"line":15,"column":65}},"15":{"start":{"line":16,"column":0},"end":{"line":16,"column":63}},"16":{"start":{"line":17,"column":0},"end":{"line":17,"column":14}},"18":{"start":{"line":19,"column":0},"end":{"line":19,"column":90}},"19":{"start":{"line":20,"column":0},"end":{"line":20,"column":74}},"21":{"start":{"line":22,"column":0},"end":{"line":22,"column":47}},"22":{"start":{"line":23,"column":0},"end":{"line":23,"column":34}},"23":{"start":{"line":24,"column":0},"end":{"line":24,"column":121}},"25":{"start":{"line":26,"column":0},"end":{"line":26,"column":19}},"26":{"start":{"line":27,"column":0},"end":{"line":27,"column":59}},"27":{"start":{"line":28,"column":0},"end":{"line":28,"column":110}},"29":{"start":{"line":30,"column":0},"end":{"line":30,"column":19}},"30":{"start":{"line":31,"column":0},"end":{"line":31,"column":14}},"31":{"start":{"line":32,"column":0},"end":{"line":32,"column":12}},"33":{"start":{"line":34,"column":0},"end":{"line":34,"column":139}},"35":{"start":{"line":36,"column":0},"end":{"line":36,"column":73}},"36":{"start":{"line":37,"column":0},"end":{"line":37,"column":95}},"37":{"start":{"line":38,"column":0},"end":{"line":38,"column":67}},"38":{"start":{"line":39,"column":0},"end":{"line":39,"column":14}},"40":{"start":{"line":41,"column":0},"end":{"line":41,"column":63}},"41":{"start":{"line":42,"column":0},"end":{"line":42,"column":46}},"42":{"start":{"line":43,"column":0},"end":{"line":43,"column":17}},"43":{"start":{"line":44,"column":0},"end":{"line":44,"column":127}},"44":{"start":{"line":45,"column":0},"end":{"line":45,"column":104}},"45":{"start":{"line":46,"column":0},"end":{"line":46,"column":135}},"46":{"start":{"line":47,"column":0},"end":{"line":47,"column":80}},"47":{"start":{"line":48,"column":0},"end":{"line":48,"column":94}},"48":{"start":{"line":49,"column":0},"end":{"line":49,"column":18}},"49":{"start":{"line":50,"column":0},"end":{"line":50,"column":17}},"50":{"start":{"line":51,"column":0},"end":{"line":51,"column":130}},"51":{"start":{"line":52,"column":0},"end":{"line":52,"column":103}},"52":{"start":{"line":53,"column":0},"end":{"line":53,"column":135}},"53":{"start":{"line":54,"column":0},"end":{"line":54,"column":79}},"54":{"start":{"line":55,"column":0},"end":{"line":55,"column":94}},"55":{"start":{"line":56,"column":0},"end":{"line":56,"column":18}},"56":{"start":{"line":57,"column":0},"end":{"line":57,"column":16}},"57":{"start":{"line":58,"column":0},"end":{"line":58,"column":15}},"58":{"start":{"line":59,"column":0},"end":{"line":59,"column":74}},"59":{"start":{"line":60,"column":0},"end":{"line":60,"column":91}},"60":{"start":{"line":61,"column":0},"end":{"line":61,"column":136}},"61":{"start":{"line":62,"column":0},"end":{"line":62,"column":16}},"62":{"start":{"line":63,"column":0},"end":{"line":63,"column":15}},"63":{"start":{"line":64,"column":0},"end":{"line":64,"column":72}},"64":{"start":{"line":65,"column":0},"end":{"line":65,"column":91}},"65":{"start":{"line":66,"column":0},"end":{"line":66,"column":136}},"66":{"start":{"line":67,"column":0},"end":{"line":67,"column":16}},"67":{"start":{"line":68,"column":0},"end":{"line":68,"column":15}},"68":{"start":{"line":69,"column":0},"end":{"line":69,"column":75}},"69":{"start":{"line":70,"column":0},"end":{"line":70,"column":99}},"70":{"start":{"line":71,"column":0},"end":{"line":71,"column":136}},"71":{"start":{"line":72,"column":0},"end":{"line":72,"column":16}},"72":{"start":{"line":73,"column":0},"end":{"line":73,"column":15}},"73":{"start":{"line":74,"column":0},"end":{"line":74,"column":73}},"74":{"start":{"line":75,"column":0},"end":{"line":75,"column":95}},"75":{"start":{"line":76,"column":0},"end":{"line":76,"column":136}},"76":{"start":{"line":77,"column":0},"end":{"line":77,"column":16}},"77":{"start":{"line":78,"column":0},"end":{"line":78,"column":94}},"78":{"start":{"line":79,"column":0},"end":{"line":79,"column":164}},"79":{"start":{"line":80,"column":0},"end":{"line":80,"column":45}},"80":{"start":{"line":81,"column":0},"end":{"line":81,"column":19}},"81":{"start":{"line":82,"column":0},"end":{"line":82,"column":15}},"82":{"start":{"line":83,"column":0},"end":{"line":83,"column":12}},"83":{"start":{"line":84,"column":0},"end":{"line":84,"column":10}},"84":{"start":{"line":85,"column":0},"end":{"line":85,"column":8}},"87":{"start":{"line":88,"column":0},"end":{"line":88,"column":14}},"88":{"start":{"line":89,"column":0},"end":{"line":89,"column":46}},"89":{"start":{"line":90,"column":0},"end":{"line":90,"column":48}},"90":{"start":{"line":91,"column":0},"end":{"line":91,"column":25}},"91":{"start":{"line":92,"column":0},"end":{"line":92,"column":59}},"92":{"start":{"line":93,"column":0},"end":{"line":93,"column":0}},"93":{"start":{"line":94,"column":0},"end":{"line":94,"column":26}},"94":{"start":{"line":95,"column":0},"end":{"line":95,"column":24}},"95":{"start":{"line":96,"column":0},"end":{"line":96,"column":26}},"96":{"start":{"line":97,"column":0},"end":{"line":97,"column":26}},"97":{"start":{"line":98,"column":0},"end":{"line":98,"column":28}},"98":{"start":{"line":99,"column":0},"end":{"line":99,"column":30}},"99":{"start":{"line":100,"column":0},"end":{"line":100,"column":126}},"100":{"start":{"line":101,"column":0},"end":{"line":101,"column":0}},"101":{"start":{"line":102,"column":0},"end":{"line":102,"column":69}},"102":{"start":{"line":103,"column":0},"end":{"line":103,"column":0}},"103":{"start":{"line":104,"column":0},"end":{"line":104,"column":31}},"104":{"start":{"line":105,"column":0},"end":{"line":105,"column":79}},"105":{"start":{"line":106,"column":0},"end":{"line":106,"column":47}},"106":{"start":{"line":107,"column":0},"end":{"line":107,"column":7}},"107":{"start":{"line":108,"column":0},"end":{"line":108,"column":54}},"108":{"start":{"line":109,"column":0},"end":{"line":109,"column":84}},"109":{"start":{"line":110,"column":0},"end":{"line":110,"column":73}},"110":{"start":{"line":111,"column":0},"end":{"line":111,"column":79}},"111":{"start":{"line":112,"column":0},"end":{"line":112,"column":6}},"112":{"start":{"line":113,"column":0},"end":{"line":113,"column":51}},"113":{"start":{"line":114,"column":0},"end":{"line":114,"column":17}},"114":{"start":{"line":115,"column":0},"end":{"line":115,"column":76}},"115":{"start":{"line":116,"column":0},"end":{"line":116,"column":74}},"116":{"start":{"line":117,"column":0},"end":{"line":117,"column":76}},"117":{"start":{"line":118,"column":0},"end":{"line":118,"column":93}},"118":{"start":{"line":119,"column":0},"end":{"line":119,"column":88}},"119":{"start":{"line":120,"column":0},"end":{"line":120,"column":78}},"120":{"start":{"line":121,"column":0},"end":{"line":121,"column":76}},"121":{"start":{"line":122,"column":0},"end":{"line":122,"column":37}},"122":{"start":{"line":123,"column":0},"end":{"line":123,"column":1}},"123":{"start":{"line":124,"column":0},"end":{"line":124,"column":0}},"124":{"start":{"line":125,"column":0},"end":{"line":125,"column":20}},"125":{"start":{"line":126,"column":0},"end":{"line":126,"column":16}},"126":{"start":{"line":127,"column":0},"end":{"line":127,"column":1}}},"s":{"1":1,"2":1,"3":1,"4":1,"5":1,"6":1,"8":1,"9":1,"10":1,"11":1,"12":1,"14":1,"15":1,"16":1,"18":1,"19":1,"21":1,"22":1,"23":1,"25":1,"26":1,"27":1,"29":1,"30":1,"31":1,"33":1,"35":1,"36":1,"37":1,"38":1,"40":1,"41":1,"42":1,"43":1,"44":1,"45":1,"46":1,"47":1,"48":1,"49":1,"50":1,"51":1,"52":1,"53":1,"54":1,"55":1,"56":1,"57":1,"58":1,"59":1,"60":1,"61":1,"62":1,"63":1,"64":1,"65":1,"66":1,"67":1,"68":1,"69":1,"70":1,"71":1,"72":1,"73":1,"74":1,"75":1,"76":1,"77":1,"78":1,"79":1,"80":1,"81":1,"82":1,"83":1,"84":1,"87":1,"88":1,"89":1,"90":1,"91":1,"92":1,"93":1,"94":1,"95":1,"96":1,"97":1,"98":1,"99":1,"100":1,"101":1,"102":1,"103":6,"104":6,"105":6,"106":6,"107":6,"108":6,"109":6,"110":6,"111":6,"112":1,"113":6,"114":5,"115":5,"116":4,"117":3,"118":2,"119":1,"120":0,"121":6,"122":6,"123":1,"124":0,"125":0,"126":0},"branchMap":{"0":{"type":"branch","line":102,"loc":{"start":{"line":102,"column":10},"end":{"line":102,"column":68}},"locations":[{"start":{"line":102,"column":10},"end":{"line":102,"column":68}}]},"1":{"type":"branch","line":102,"loc":{"start":{"line":102,"column":61},"end":{"line":102,"column":66}},"locations":[{"start":{"line":102,"column":61},"end":{"line":102,"column":66}}]},"2":{"type":"branch","line":104,"loc":{"start":{"line":104,"column":0},"end":{"line":123,"column":1}},"locations":[{"start":{"line":104,"column":0},"end":{"line":123,"column":1}}]},"3":{"type":"branch","line":105,"loc":{"start":{"line":105,"column":25},"end":{"line":105,"column":79}},"locations":[{"start":{"line":105,"column":25},"end":{"line":105,"column":79}}]},"4":{"type":"branch","line":113,"loc":{"start":{"line":113,"column":-2},"end":{"line":114,"column":4}},"locations":[{"start":{"line":113,"column":-2},"end":{"line":114,"column":4}}]},"5":{"type":"branch","line":114,"loc":{"start":{"line":114,"column":4},"end":{"line":122,"column":3}},"locations":[{"start":{"line":114,"column":4},"end":{"line":122,"column":3}}]},"6":{"type":"branch","line":116,"loc":{"start":{"line":116,"column":38},"end":{"line":116,"column":74}},"locations":[{"start":{"line":116,"column":38},"end":{"line":116,"column":74}}]},"7":{"type":"branch","line":117,"loc":{"start":{"line":117,"column":-2},"end":{"line":121,"column":76}},"locations":[{"start":{"line":117,"column":-2},"end":{"line":121,"column":76}}]},"8":{"type":"branch","line":117,"loc":{"start":{"line":117,"column":39},"end":{"line":117,"column":76}},"locations":[{"start":{"line":117,"column":39},"end":{"line":117,"column":76}}]},"9":{"type":"branch","line":118,"loc":{"start":{"line":118,"column":-2},"end":{"line":121,"column":76}},"locations":[{"start":{"line":118,"column":-2},"end":{"line":121,"column":76}}]},"10":{"type":"branch","line":118,"loc":{"start":{"line":118,"column":47},"end":{"line":118,"column":93}},"locations":[{"start":{"line":118,"column":47},"end":{"line":118,"column":93}}]},"11":{"type":"branch","line":119,"loc":{"start":{"line":119,"column":-2},"end":{"line":121,"column":76}},"locations":[{"start":{"line":119,"column":-2},"end":{"line":121,"column":76}}]},"12":{"type":"branch","line":119,"loc":{"start":{"line":119,"column":45},"end":{"line":121,"column":76}},"locations":[{"start":{"line":119,"column":45},"end":{"line":121,"column":76}}]},"13":{"type":"branch","line":121,"loc":{"start":{"line":121,"column":-2},"end":{"line":121,"column":76}},"locations":[{"start":{"line":121,"column":-2},"end":{"line":121,"column":76}}]},"14":{"type":"branch","line":5,"loc":{"start":{"line":5,"column":22},"end":{"line":5,"column":59}},"locations":[{"start":{"line":5,"column":22},"end":{"line":5,"column":59}}]},"15":{"type":"branch","line":6,"loc":{"start":{"line":6,"column":8},"end":{"line":6,"column":61}},"locations":[{"start":{"line":6,"column":8},"end":{"line":6,"column":61}}]},"16":{"type":"branch","line":34,"loc":{"start":{"line":34,"column":6},"end":{"line":34,"column":139}},"locations":[{"start":{"line":34,"column":6},"end":{"line":34,"column":139}}]},"17":{"type":"branch","line":38,"loc":{"start":{"line":38,"column":-2},"end":{"line":38,"column":26}},"locations":[{"start":{"line":38,"column":-2},"end":{"line":38,"column":26}}]},"18":{"type":"branch","line":45,"loc":{"start":{"line":45,"column":37},"end":{"line":45,"column":51}},"locations":[{"start":{"line":45,"column":37},"end":{"line":45,"column":51}}]},"19":{"type":"branch","line":47,"loc":{"start":{"line":47,"column":37},"end":{"line":47,"column":80}},"locations":[{"start":{"line":47,"column":37},"end":{"line":47,"column":80}}]},"20":{"type":"branch","line":47,"loc":{"start":{"line":47,"column":37},"end":{"line":47,"column":80}},"locations":[{"start":{"line":47,"column":37},"end":{"line":47,"column":80}}]},"21":{"type":"branch","line":48,"loc":{"start":{"line":48,"column":14},"end":{"line":48,"column":94}},"locations":[{"start":{"line":48,"column":14},"end":{"line":48,"column":94}}]},"22":{"type":"branch","line":52,"loc":{"start":{"line":52,"column":37},"end":{"line":52,"column":49}},"locations":[{"start":{"line":52,"column":37},"end":{"line":52,"column":49}}]},"23":{"type":"branch","line":54,"loc":{"start":{"line":54,"column":35},"end":{"line":54,"column":79}},"locations":[{"start":{"line":54,"column":35},"end":{"line":54,"column":79}}]},"24":{"type":"branch","line":54,"loc":{"start":{"line":54,"column":35},"end":{"line":54,"column":79}},"locations":[{"start":{"line":54,"column":35},"end":{"line":54,"column":79}}]},"25":{"type":"branch","line":55,"loc":{"start":{"line":55,"column":14},"end":{"line":55,"column":94}},"locations":[{"start":{"line":55,"column":14},"end":{"line":55,"column":94}}]},"26":{"type":"branch","line":59,"loc":{"start":{"line":59,"column":12},"end":{"line":59,"column":74}},"locations":[{"start":{"line":59,"column":12},"end":{"line":59,"column":74}}]},"27":{"type":"branch","line":60,"loc":{"start":{"line":60,"column":28},"end":{"line":60,"column":46}},"locations":[{"start":{"line":60,"column":28},"end":{"line":60,"column":46}}]},"28":{"type":"branch","line":64,"loc":{"start":{"line":64,"column":12},"end":{"line":64,"column":72}},"locations":[{"start":{"line":64,"column":12},"end":{"line":64,"column":72}}]},"29":{"type":"branch","line":65,"loc":{"start":{"line":65,"column":28},"end":{"line":65,"column":48}},"locations":[{"start":{"line":65,"column":28},"end":{"line":65,"column":48}}]},"30":{"type":"branch","line":69,"loc":{"start":{"line":69,"column":12},"end":{"line":69,"column":75}},"locations":[{"start":{"line":69,"column":12},"end":{"line":69,"column":75}}]},"31":{"type":"branch","line":70,"loc":{"start":{"line":70,"column":28},"end":{"line":70,"column":49}},"locations":[{"start":{"line":70,"column":28},"end":{"line":70,"column":49}}]},"32":{"type":"branch","line":74,"loc":{"start":{"line":74,"column":12},"end":{"line":74,"column":73}},"locations":[{"start":{"line":74,"column":12},"end":{"line":74,"column":73}}]},"33":{"type":"branch","line":75,"loc":{"start":{"line":75,"column":28},"end":{"line":75,"column":48}},"locations":[{"start":{"line":75,"column":28},"end":{"line":75,"column":48}}]},"34":{"type":"branch","line":78,"loc":{"start":{"line":78,"column":50},"end":{"line":78,"column":76}},"locations":[{"start":{"line":78,"column":50},"end":{"line":78,"column":76}}]},"35":{"type":"branch","line":78,"loc":{"start":{"line":78,"column":67},"end":{"line":78,"column":94}},"locations":[{"start":{"line":78,"column":67},"end":{"line":78,"column":94}}]},"36":{"type":"branch","line":80,"loc":{"start":{"line":80,"column":22},"end":{"line":80,"column":45}},"locations":[{"start":{"line":80,"column":22},"end":{"line":80,"column":45}}]},"37":{"type":"branch","line":80,"loc":{"start":{"line":80,"column":22},"end":{"line":80,"column":45}},"locations":[{"start":{"line":80,"column":22},"end":{"line":80,"column":45}}]},"38":{"type":"branch","line":45,"loc":{"start":{"line":45,"column":37},"end":{"line":45,"column":51}},"locations":[{"start":{"line":45,"column":37},"end":{"line":45,"column":51}}]},"39":{"type":"branch","line":52,"loc":{"start":{"line":52,"column":37},"end":{"line":52,"column":49}},"locations":[{"start":{"line":52,"column":37},"end":{"line":52,"column":49}}]}},"b":{"0":[12],"1":[0],"2":[6],"3":[0],"4":[1],"5":[5],"6":[1],"7":[4],"8":[1],"9":[3],"10":[1],"11":[2],"12":[1],"13":[0],"14":[12],"15":[12],"16":[5],"17":[12],"18":[12],"19":[2],"20":[29],"21":[2],"22":[12],"23":[2],"24":[29],"25":[2],"26":[12],"27":[12],"28":[12],"29":[12],"30":[12],"31":[12],"32":[12],"33":[12],"34":[25],"35":[23],"36":[6],"37":[25],"38":[3],"39":[3]},"fnMap":{"0":{"name":"handleSubmit","decl":{"start":{"line":104,"column":0},"end":{"line":123,"column":1}},"loc":{"start":{"line":104,"column":0},"end":{"line":123,"column":1}},"line":104},"1":{"name":"printQR","decl":{"start":{"line":125,"column":0},"end":{"line":127,"column":1}},"loc":{"start":{"line":125,"column":0},"end":{"line":127,"column":1}},"line":125},"2":{"name":"onClick._cache.<computed>._cache.<computed>","decl":{"start":{"line":5,"column":22},"end":{"line":5,"column":59}},"loc":{"start":{"line":5,"column":22},"end":{"line":5,"column":59}},"line":5},"3":{"name":"onClick._cache.<computed>._cache.<computed>","decl":{"start":{"line":27,"column":24},"end":{"line":27,"column":59}},"loc":{"start":{"line":27,"column":24},"end":{"line":27,"column":59}},"line":27},"4":{"name":"onUpdate:modelValue._cache.<computed>._cache.<computed>","decl":{"start":{"line":45,"column":37},"end":{"line":45,"column":51}},"loc":{"start":{"line":45,"column":37},"end":{"line":45,"column":51}},"line":45},"5":{"name":"onUpdate:modelValue._cache.<computed>._cache.<computed>","decl":{"start":{"line":52,"column":37},"end":{"line":52,"column":49}},"loc":{"start":{"line":52,"column":37},"end":{"line":52,"column":49}},"line":52},"6":{"name":"onUpdate:modelValue._cache.<computed>._cache.<computed>","decl":{"start":{"line":60,"column":28},"end":{"line":60,"column":46}},"loc":{"start":{"line":60,"column":28},"end":{"line":60,"column":46}},"line":60},"7":{"name":"onUpdate:modelValue._cache.<computed>._cache.<computed>","decl":{"start":{"line":65,"column":28},"end":{"line":65,"column":48}},"loc":{"start":{"line":65,"column":28},"end":{"line":65,"column":48}},"line":65},"8":{"name":"onUpdate:modelValue._cache.<computed>._cache.<computed>","decl":{"start":{"line":70,"column":28},"end":{"line":70,"column":49}},"loc":{"start":{"line":70,"column":28},"end":{"line":70,"column":49}},"line":70},"9":{"name":"onUpdate:modelValue._cache.<computed>._cache.<computed>","decl":{"start":{"line":75,"column":28},"end":{"line":75,"column":48}},"loc":{"start":{"line":75,"column":28},"end":{"line":75,"column":48}},"line":75}},"f":{"0":6,"1":0,"2":0,"3":0,"4":3,"5":3,"6":0,"7":0,"8":0,"9":0}}
,"/app/src/views/BookingList.vue": {"path":"/app/src/views/BookingList.vue","all":false,"statementMap":{"1":{"start":{"line":2,"column":0},"end":{"line":2,"column":44}},"2":{"start":{"line":3,"column":0},"end":{"line":3,"column":35}},"3":{"start":{"line":4,"column":0},"end":{"line":4,"column":48}},"4":{"start":{"line":5,"column":0},"end":{"line":5,"column":125}},"5":{"start":{"line":6,"column":0},"end":{"line":6,"column":61}},"6":{"start":{"line":7,"column":0},"end":{"line":7,"column":12}},"8":{"start":{"line":9,"column":0},"end":{"line":9,"column":139}},"10":{"start":{"line":11,"column":0},"end":{"line":11,"column":62}},"11":{"start":{"line":12,"column":0},"end":{"line":12,"column":80}},"12":{"start":{"line":13,"column":0},"end":{"line":13,"column":99}},"13":{"start":{"line":14,"column":0},"end":{"line":14,"column":45}},"14":{"start":{"line":15,"column":0},"end":{"line":15,"column":17}},"15":{"start":{"line":16,"column":0},"end":{"line":16,"column":48}},"16":{"start":{"line":17,"column":0},"end":{"line":17,"column":55}},"17":{"start":{"line":18,"column":0},"end":{"line":18,"column":57}},"18":{"start":{"line":19,"column":0},"end":{"line":19,"column":58}},"19":{"start":{"line":20,"column":0},"end":{"line":20,"column":55}},"20":{"start":{"line":21,"column":0},"end":{"line":21,"column":17}},"21":{"start":{"line":22,"column":0},"end":{"line":22,"column":18}},"22":{"start":{"line":23,"column":0},"end":{"line":23,"column":17}},"23":{"start":{"line":24,"column":0},"end":{"line":24,"column":100}},"24":{"start":{"line":25,"column":0},"end":{"line":25,"column":82}},"25":{"start":{"line":26,"column":0},"end":{"line":26,"column":36}},"26":{"start":{"line":27,"column":0},"end":{"line":27,"column":56}},"27":{"start":{"line":28,"column":0},"end":{"line":28,"column":107}},"28":{"start":{"line":29,"column":0},"end":{"line":29,"column":23}},"29":{"start":{"line":30,"column":0},"end":{"line":30,"column":85}},"30":{"start":{"line":31,"column":0},"end":{"line":31,"column":19}},"31":{"start":{"line":32,"column":0},"end":{"line":32,"column":94}},"32":{"start":{"line":33,"column":0},"end":{"line":33,"column":93}},"33":{"start":{"line":34,"column":0},"end":{"line":34,"column":17}},"34":{"start":{"line":35,"column":0},"end":{"line":35,"column":18}},"35":{"start":{"line":36,"column":0},"end":{"line":36,"column":16}},"36":{"start":{"line":37,"column":0},"end":{"line":37,"column":12}},"37":{"start":{"line":38,"column":0},"end":{"line":38,"column":10}},"38":{"start":{"line":39,"column":0},"end":{"line":39,"column":8}},"41":{"start":{"line":42,"column":0},"end":{"line":42,"column":14}},"42":{"start":{"line":43,"column":0},"end":{"line":43,"column":49}},"43":{"start":{"line":44,"column":0},"end":{"line":44,"column":38}},"44":{"start":{"line":45,"column":0},"end":{"line":45,"column":25}},"45":{"start":{"line":46,"column":0},"end":{"line":46,"column":69}},"46":{"start":{"line":47,"column":0},"end":{"line":47,"column":0}},"47":{"start":{"line":48,"column":0},"end":{"line":48,"column":26}},"48":{"start":{"line":49,"column":0},"end":{"line":49,"column":24}},"49":{"start":{"line":50,"column":0},"end":{"line":50,"column":26}},"50":{"start":{"line":51,"column":0},"end":{"line":51,"column":28}},"51":{"start":{"line":52,"column":0},"end":{"line":52,"column":27}},"52":{"start":{"line":53,"column":0},"end":{"line":53,"column":20}},"53":{"start":{"line":54,"column":0},"end":{"line":54,"column":0}},"54":{"start":{"line":55,"column":0},"end":{"line":55,"column":32}},"55":{"start":{"line":56,"column":0},"end":{"line":56,"column":55}},"56":{"start":{"line":57,"column":0},"end":{"line":57,"column":25}},"57":{"start":{"line":58,"column":0},"end":{"line":58,"column":7}},"58":{"start":{"line":59,"column":0},"end":{"line":59,"column":51}},"59":{"start":{"line":60,"column":0},"end":{"line":60,"column":44}},"60":{"start":{"line":61,"column":0},"end":{"line":61,"column":26}},"61":{"start":{"line":62,"column":0},"end":{"line":62,"column":17}},"62":{"start":{"line":63,"column":0},"end":{"line":63,"column":39}},"63":{"start":{"line":64,"column":0},"end":{"line":64,"column":65}},"64":{"start":{"line":65,"column":0},"end":{"line":65,"column":61}},"65":{"start":{"line":66,"column":0},"end":{"line":66,"column":3}},"66":{"start":{"line":67,"column":0},"end":{"line":67,"column":35}},"67":{"start":{"line":68,"column":0},"end":{"line":68,"column":1}},"68":{"start":{"line":69,"column":0},"end":{"line":69,"column":0}},"69":{"start":{"line":70,"column":0},"end":{"line":70,"column":33}},"70":{"start":{"line":71,"column":0},"end":{"line":71,"column":66}},"71":{"start":{"line":72,"column":0},"end":{"line":72,"column":41}},"72":{"start":{"line":73,"column":0},"end":{"line":73,"column":109}},"73":{"start":{"line":74,"column":0},"end":{"line":74,"column":5}},"74":{"start":{"line":75,"column":0},"end":{"line":75,"column":1}},"75":{"start":{"line":76,"column":0},"end":{"line":76,"column":0}},"76":{"start":{"line":77,"column":0},"end":{"line":77,"column":24}},"77":{"start":{"line":78,"column":0},"end":{"line":78,"column":20}},"78":{"start":{"line":79,"column":0},"end":{"line":79,"column":135}},"79":{"start":{"line":80,"column":0},"end":{"line":80,"column":1}},"80":{"start":{"line":81,"column":0},"end":{"line":81,"column":0}},"81":{"start":{"line":82,"column":0},"end":{"line":82,"column":84}},"82":{"start":{"line":83,"column":0},"end":{"line":83,"column":43}}},"s":{"1":1,"2":1,"3":1,"4":1,"5":1,"6":1,"8":1,"10":1,"11":1,"12":1,"13":1,"14":1,"15":1,"16":1,"17":1,"18":1,"19":1,"20":1,"21":1,"22":1,"23":1,"24":1,"25":1,"26":1,"27":2,"28":1,"29":1,"30":1,"31":1,"32":1,"33":1,"34":1,"35":1,"36":1,"37":1,"38":1,"41":1,"42":1,"43":1,"44":1,"45":1,"46":1,"47":1,"48":1,"49":1,"50":1,"51":1,"52":1,"53":1,"54":8,"55":8,"56":8,"57":8,"58":8,"59":8,"60":8,"61":8,"62":1,"63":1,"64":1,"65":1,"66":8,"67":8,"68":1,"69":7,"70":7,"71":7,"72":2,"73":7,"74":7,"75":1,"76":4,"77":4,"78":4,"79":4,"80":1,"81":1,"82":1},"branchMap":{"0":{"type":"branch","line":55,"loc":{"start":{"line":55,"column":0},"end":{"line":68,"column":1}},"locations":[{"start":{"line":55,"column":0},"end":{"line":68,"column":1}}]},"1":{"type":"branch","line":60,"loc":{"start":{"line":60,"column":-2},"end":{"line":60,"column":39}},"locations":[{"start":{"line":60,"column":-2},"end":{"line":60,"column":39}}]},"2":{"type":"branch","line":60,"loc":{"start":{"line":60,"column":39},"end":{"line":60,"column":44}},"locations":[{"start":{"line":60,"column":39},"end":{"line":60,"column":44}}]},"3":{"type":"branch","line":62,"loc":{"start":{"line":62,"column":-2},"end":{"line":62,"column":4}},"locations":[{"start":{"line":62,"column":-2},"end":{"line":62,"column":4}}]},"4":{"type":"branch","line":62,"loc":{"start":{"line":62,"column":4},"end":{"line":66,"column":3}},"locations":[{"start":{"line":62,"column":4},"end":{"line":66,"column":3}}]},"5":{"type":"branch","line":64,"loc":{"start":{"line":64,"column":51},"end":{"line":64,"column":65}},"locations":[{"start":{"line":64,"column":51},"end":{"line":64,"column":65}}]},"6":{"type":"branch","line":70,"loc":{"start":{"line":70,"column":0},"end":{"line":75,"column":1}},"locations":[{"start":{"line":70,"column":0},"end":{"line":75,"column":1}}]},"7":{"type":"branch","line":71,"loc":{"start":{"line":71,"column":45},"end":{"line":71,"column":63}},"locations":[{"start":{"line":71,"column":45},"end":{"line":71,"column":63}}]},"8":{"type":"branch","line":72,"loc":{"start":{"line":72,"column":28},"end":{"line":74,"column":3}},"locations":[{"start":{"line":72,"column":28},"end":{"line":74,"column":3}}]},"9":{"type":"branch","line":73,"loc":{"start":{"line":73,"column":65},"end":{"line":73,"column":109}},"locations":[{"start":{"line":73,"column":65},"end":{"line":73,"column":109}}]},"10":{"type":"branch","line":77,"loc":{"start":{"line":77,"column":0},"end":{"line":80,"column":1}},"locations":[{"start":{"line":77,"column":0},"end":{"line":80,"column":1}}]},"11":{"type":"branch","line":78,"loc":{"start":{"line":78,"column":10},"end":{"line":78,"column":20}},"locations":[{"start":{"line":78,"column":10},"end":{"line":78,"column":20}}]},"12":{"type":"branch","line":82,"loc":{"start":{"line":82,"column":10},"end":{"line":82,"column":83}},"locations":[{"start":{"line":82,"column":10},"end":{"line":82,"column":83}}]},"13":{"type":"branch","line":83,"loc":{"start":{"line":83,"column":12},"end":{"line":83,"column":42}},"locations":[{"start":{"line":83,"column":12},"end":{"line":83,"column":42}}]},"14":{"type":"branch","line":5,"loc":{"start":{"line":5,"column":22},"end":{"line":5,"column":59}},"locations":[{"start":{"line":5,"column":22},"end":{"line":5,"column":59}}]},"15":{"type":"branch","line":6,"loc":{"start":{"line":6,"column":8},"end":{"line":6,"column":61}},"locations":[{"start":{"line":6,"column":8},"end":{"line":6,"column":61}}]},"16":{"type":"branch","line":9,"loc":{"start":{"line":9,"column":6},"end":{"line":9,"column":139}},"locations":[{"start":{"line":9,"column":6},"end":{"line":9,"column":139}}]},"17":{"type":"branch","line":12,"loc":{"start":{"line":12,"column":8},"end":{"line":12,"column":80}},"locations":[{"start":{"line":12,"column":8},"end":{"line":12,"column":80}}]},"18":{"type":"branch","line":13,"loc":{"start":{"line":13,"column":8},"end":{"line":13,"column":99}},"locations":[{"start":{"line":13,"column":8},"end":{"line":13,"column":99}}]},"19":{"type":"branch","line":27,"loc":{"start":{"line":27,"column":16},"end":{"line":28,"column":107}},"locations":[{"start":{"line":27,"column":16},"end":{"line":28,"column":107}}]},"20":{"type":"branch","line":30,"loc":{"start":{"line":30,"column":16},"end":{"line":30,"column":85}},"locations":[{"start":{"line":30,"column":16},"end":{"line":30,"column":85}}]}},"b":{"0":[8],"1":[7],"2":[0],"3":[7],"4":[1],"5":[0],"6":[7],"7":[4],"8":[2],"9":[1],"10":[4],"11":[0],"12":[7],"13":[2],"14":[7],"15":[7],"16":[1],"17":[7],"18":[10],"19":[2],"20":[2]},"fnMap":{"0":{"name":"fetchBookings","decl":{"start":{"line":55,"column":0},"end":{"line":68,"column":1}},"loc":{"start":{"line":55,"column":0},"end":{"line":68,"column":1}},"line":55},"1":{"name":"fetchSchedules","decl":{"start":{"line":70,"column":0},"end":{"line":75,"column":1}},"loc":{"start":{"line":70,"column":0},"end":{"line":75,"column":1}},"line":70},"2":{"name":"formatDate","decl":{"start":{"line":77,"column":0},"end":{"line":80,"column":1}},"loc":{"start":{"line":77,"column":0},"end":{"line":80,"column":1}},"line":77},"3":{"name":"onClick._cache.<computed>._cache.<computed>","decl":{"start":{"line":5,"column":22},"end":{"line":5,"column":59}},"loc":{"start":{"line":5,"column":22},"end":{"line":5,"column":59}},"line":5}},"f":{"0":8,"1":7,"2":4,"3":0}}
,"/app/src/views/LoginOperator.vue": {"path":"/app/src/views/LoginOperator.vue","all":false,"statementMap":{"1":{"start":{"line":2,"column":0},"end":{"line":2,"column":73}},"2":{"start":{"line":3,"column":0},"end":{"line":3,"column":67}},"3":{"start":{"line":4,"column":0},"end":{"line":4,"column":90}},"5":{"start":{"line":6,"column":0},"end":{"line":6,"column":115}},"6":{"start":{"line":7,"column":0},"end":{"line":7,"column":26}},"7":{"start":{"line":8,"column":0},"end":{"line":8,"column":12}},"9":{"start":{"line":10,"column":0},"end":{"line":10,"column":60}},"10":{"start":{"line":11,"column":0},"end":{"line":11,"column":13}},"11":{"start":{"line":12,"column":0},"end":{"line":12,"column":73}},"12":{"start":{"line":13,"column":0},"end":{"line":13,"column":89}},"13":{"start":{"line":14,"column":0},"end":{"line":14,"column":135}},"14":{"start":{"line":15,"column":0},"end":{"line":15,"column":14}},"15":{"start":{"line":16,"column":0},"end":{"line":16,"column":13}},"16":{"start":{"line":17,"column":0},"end":{"line":17,"column":71}},"17":{"start":{"line":18,"column":0},"end":{"line":18,"column":83}},"18":{"start":{"line":19,"column":0},"end":{"line":19,"column":135}},"19":{"start":{"line":20,"column":0},"end":{"line":20,"column":14}},"20":{"start":{"line":21,"column":0},"end":{"line":21,"column":49}},"21":{"start":{"line":22,"column":0},"end":{"line":22,"column":170}},"22":{"start":{"line":23,"column":0},"end":{"line":23,"column":45}},"23":{"start":{"line":24,"column":0},"end":{"line":24,"column":17}},"24":{"start":{"line":25,"column":0},"end":{"line":25,"column":13}},"25":{"start":{"line":26,"column":0},"end":{"line":26,"column":10}},"26":{"start":{"line":27,"column":0},"end":{"line":27,"column":8}},"29":{"start":{"line":30,"column":0},"end":{"line":30,"column":14}},"30":{"start":{"line":31,"column":0},"end":{"line":31,"column":25}},"31":{"start":{"line":32,"column":0},"end":{"line":32,"column":38}},"32":{"start":{"line":33,"column":0},"end":{"line":33,"column":25}},"33":{"start":{"line":34,"column":0},"end":{"line":34,"column":48}},"34":{"start":{"line":35,"column":0},"end":{"line":35,"column":0}},"35":{"start":{"line":36,"column":0},"end":{"line":36,"column":26}},"36":{"start":{"line":37,"column":0},"end":{"line":37,"column":27}},"37":{"start":{"line":38,"column":0},"end":{"line":38,"column":21}},"38":{"start":{"line":39,"column":0},"end":{"line":39,"column":24}},"39":{"start":{"line":40,"column":0},"end":{"line":40,"column":26}},"40":{"start":{"line":41,"column":0},"end":{"line":41,"column":28}},"41":{"start":{"line":42,"column":0},"end":{"line":42,"column":0}},"42":{"start":{"line":43,"column":0},"end":{"line":43,"column":30}},"43":{"start":{"line":44,"column":0},"end":{"line":44,"column":22}},"44":{"start":{"line":45,"column":0},"end":{"line":45,"column":25}},"45":{"start":{"line":46,"column":0},"end":{"line":46,"column":7}},"46":{"start":{"line":47,"column":0},"end":{"line":47,"column":126}},"47":{"start":{"line":48,"column":0},"end":{"line":48,"column":65}},"48":{"start":{"line":49,"column":0},"end":{"line":49,"column":38}},"49":{"start":{"line":50,"column":0},"end":{"line":50,"column":17}},"50":{"start":{"line":51,"column":0},"end":{"line":51,"column":100}},"51":{"start":{"line":52,"column":0},"end":{"line":52,"column":13}},"52":{"start":{"line":53,"column":0},"end":{"line":53,"column":25}},"53":{"start":{"line":54,"column":0},"end":{"line":54,"column":3}},"54":{"start":{"line":55,"column":0},"end":{"line":55,"column":1}}},"s":{"1":1,"2":1,"3":1,"5":1,"6":2,"7":1,"9":1,"10":1,"11":1,"12":1,"13":1,"14":1,"15":1,"16":1,"17":1,"18":1,"19":1,"20":1,"21":1,"22":1,"23":1,"24":1,"25":1,"26":1,"29":1,"30":1,"31":1,"32":1,"33":1,"34":1,"35":1,"36":1,"37":1,"38":1,"39":1,"40":1,"41":1,"42":4,"43":4,"44":4,"45":4,"46":4,"47":1,"48":1,"49":4,"50":2,"51":4,"52":3,"53":3,"54":4},"branchMap":{"0":{"type":"branch","line":43,"loc":{"start":{"line":43,"column":0},"end":{"line":55,"column":1}},"locations":[{"start":{"line":43,"column":0},"end":{"line":55,"column":1}}]},"1":{"type":"branch","line":48,"loc":{"start":{"line":48,"column":-2},"end":{"line":50,"column":4}},"locations":[{"start":{"line":48,"column":-2},"end":{"line":50,"column":4}}]},"2":{"type":"branch","line":50,"loc":{"start":{"line":50,"column":4},"end":{"line":52,"column":3}},"locations":[{"start":{"line":50,"column":4},"end":{"line":52,"column":3}}]},"3":{"type":"branch","line":51,"loc":{"start":{"line":51,"column":54},"end":{"line":51,"column":83}},"locations":[{"start":{"line":51,"column":54},"end":{"line":51,"column":83}}]},"4":{"type":"branch","line":51,"loc":{"start":{"line":51,"column":84},"end":{"line":51,"column":100}},"locations":[{"start":{"line":51,"column":84},"end":{"line":51,"column":100}}]},"5":{"type":"branch","line":52,"loc":{"start":{"line":52,"column":3},"end":{"line":54,"column":3}},"locations":[{"start":{"line":52,"column":3},"end":{"line":54,"column":3}}]},"6":{"type":"branch","line":4,"loc":{"start":{"line":4,"column":6},"end":{"line":4,"column":90}},"locations":[{"start":{"line":4,"column":6},"end":{"line":4,"column":90}}]},"7":{"type":"branch","line":6,"loc":{"start":{"line":6,"column":6},"end":{"line":7,"column":26}},"locations":[{"start":{"line":6,"column":6},"end":{"line":7,"column":26}}]},"8":{"type":"branch","line":12,"loc":{"start":{"line":12,"column":10},"end":{"line":12,"column":73}},"locations":[{"start":{"line":12,"column":10},"end":{"line":12,"column":73}}]},"9":{"type":"branch","line":13,"loc":{"start":{"line":13,"column":26},"end":{"line":13,"column":33}},"locations":[{"start":{"line":13,"column":26},"end":{"line":13,"column":33}}]},"10":{"type":"branch","line":17,"loc":{"start":{"line":17,"column":10},"end":{"line":17,"column":71}},"locations":[{"start":{"line":17,"column":10},"end":{"line":17,"column":71}}]},"11":{"type":"branch","line":18,"loc":{"start":{"line":18,"column":26},"end":{"line":18,"column":36}},"locations":[{"start":{"line":18,"column":26},"end":{"line":18,"column":36}}]},"12":{"type":"branch","line":23,"loc":{"start":{"line":23,"column":20},"end":{"line":23,"column":45}},"locations":[{"start":{"line":23,"column":20},"end":{"line":23,"column":45}}]},"13":{"type":"branch","line":23,"loc":{"start":{"line":23,"column":20},"end":{"line":23,"column":45}},"locations":[{"start":{"line":23,"column":20},"end":{"line":23,"column":45}}]},"14":{"type":"branch","line":13,"loc":{"start":{"line":13,"column":26},"end":{"line":13,"column":33}},"locations":[{"start":{"line":13,"column":26},"end":{"line":13,"column":33}}]},"15":{"type":"branch","line":18,"loc":{"start":{"line":18,"column":26},"end":{"line":18,"column":36}},"locations":[{"start":{"line":18,"column":26},"end":{"line":18,"column":36}}]}},"b":{"0":[4],"1":[1],"2":[2],"3":[1],"4":[1],"5":[3],"6":[6],"7":[2],"8":[6],"9":[6],"10":[6],"11":[6],"12":[4],"13":[17],"14":[4],"15":[4]},"fnMap":{"0":{"name":"handleLogin","decl":{"start":{"line":43,"column":0},"end":{"line":55,"column":1}},"loc":{"start":{"line":43,"column":0},"end":{"line":55,"column":1}},"line":43},"1":{"name":"onUpdate:modelValue._cache.<computed>._cache.<computed>","decl":{"start":{"line":13,"column":26},"end":{"line":13,"column":33}},"loc":{"start":{"line":13,"column":26},"end":{"line":13,"column":33}},"line":13},"2":{"name":"onUpdate:modelValue._cache.<computed>._cache.<computed>","decl":{"start":{"line":18,"column":26},"end":{"line":18,"column":36}},"loc":{"start":{"line":18,"column":26},"end":{"line":18,"column":36}},"line":18}},"f":{"0":4,"1":4,"2":4}}
,"/app/src/views/LoginShipper.vue": {"path":"/app/src/views/LoginShipper.vue","all":false,"statementMap":{"1":{"start":{"line":2,"column":0},"end":{"line":2,"column":73}},"2":{"start":{"line":3,"column":0},"end":{"line":3,"column":67}},"3":{"start":{"line":4,"column":0},"end":{"line":4,"column":85}},"5":{"start":{"line":6,"column":0},"end":{"line":6,"column":115}},"6":{"start":{"line":7,"column":0},"end":{"line":7,"column":26}},"7":{"start":{"line":8,"column":0},"end":{"line":8,"column":12}},"9":{"start":{"line":10,"column":0},"end":{"line":10,"column":60}},"10":{"start":{"line":11,"column":0},"end":{"line":11,"column":13}},"11":{"start":{"line":12,"column":0},"end":{"line":12,"column":73}},"12":{"start":{"line":13,"column":0},"end":{"line":13,"column":88}},"13":{"start":{"line":14,"column":0},"end":{"line":14,"column":136}},"14":{"start":{"line":15,"column":0},"end":{"line":15,"column":14}},"15":{"start":{"line":16,"column":0},"end":{"line":16,"column":13}},"16":{"start":{"line":17,"column":0},"end":{"line":17,"column":71}},"17":{"start":{"line":18,"column":0},"end":{"line":18,"column":83}},"18":{"start":{"line":19,"column":0},"end":{"line":19,"column":136}},"19":{"start":{"line":20,"column":0},"end":{"line":20,"column":14}},"20":{"start":{"line":21,"column":0},"end":{"line":21,"column":49}},"21":{"start":{"line":22,"column":0},"end":{"line":22,"column":172}},"22":{"start":{"line":23,"column":0},"end":{"line":23,"column":45}},"23":{"start":{"line":24,"column":0},"end":{"line":24,"column":17}},"24":{"start":{"line":25,"column":0},"end":{"line":25,"column":13}},"25":{"start":{"line":26,"column":0},"end":{"line":26,"column":10}},"26":{"start":{"line":27,"column":0},"end":{"line":27,"column":8}},"29":{"start":{"line":30,"column":0},"end":{"line":30,"column":14}},"30":{"start":{"line":31,"column":0},"end":{"line":31,"column":25}},"31":{"start":{"line":32,"column":0},"end":{"line":32,"column":38}},"32":{"start":{"line":33,"column":0},"end":{"line":33,"column":25}},"33":{"start":{"line":34,"column":0},"end":{"line":34,"column":48}},"34":{"start":{"line":35,"column":0},"end":{"line":35,"column":0}},"35":{"start":{"line":36,"column":0},"end":{"line":36,"column":26}},"36":{"start":{"line":37,"column":0},"end":{"line":37,"column":27}},"37":{"start":{"line":38,"column":0},"end":{"line":38,"column":21}},"38":{"start":{"line":39,"column":0},"end":{"line":39,"column":24}},"39":{"start":{"line":40,"column":0},"end":{"line":40,"column":26}},"40":{"start":{"line":41,"column":0},"end":{"line":41,"column":28}},"41":{"start":{"line":42,"column":0},"end":{"line":42,"column":0}},"42":{"start":{"line":43,"column":0},"end":{"line":43,"column":30}},"43":{"start":{"line":44,"column":0},"end":{"line":44,"column":22}},"44":{"start":{"line":45,"column":0},"end":{"line":45,"column":25}},"45":{"start":{"line":46,"column":0},"end":{"line":46,"column":7}},"46":{"start":{"line":47,"column":0},"end":{"line":47,"column":121}},"47":{"start":{"line":48,"column":0},"end":{"line":48,"column":65}},"48":{"start":{"line":49,"column":0},"end":{"line":49,"column":37}},"49":{"start":{"line":50,"column":0},"end":{"line":50,"column":17}},"50":{"start":{"line":51,"column":0},"end":{"line":51,"column":100}},"51":{"start":{"line":52,"column":0},"end":{"line":52,"column":13}},"52":{"start":{"line":53,"column":0},"end":{"line":53,"column":25}},"53":{"start":{"line":54,"column":0},"end":{"line":54,"column":3}},"54":{"start":{"line":55,"column":0},"end":{"line":55,"column":1}}},"s":{"1":1,"2":1,"3":1,"5":1,"6":2,"7":1,"9":1,"10":1,"11":1,"12":1,"13":1,"14":1,"15":1,"16":1,"17":1,"18":1,"19":1,"20":1,"21":1,"22":1,"23":1,"24":1,"25":1,"26":1,"29":1,"30":1,"31":1,"32":1,"33":1,"34":1,"35":1,"36":1,"37":1,"38":1,"39":1,"40":1,"41":1,"42":4,"43":4,"44":4,"45":4,"46":4,"47":1,"48":1,"49":4,"50":2,"51":4,"52":3,"53":3,"54":4},"branchMap":{"0":{"type":"branch","line":43,"loc":{"start":{"line":43,"column":0},"end":{"line":55,"column":1}},"locations":[{"start":{"line":43,"column":0},"end":{"line":55,"column":1}}]},"1":{"type":"branch","line":48,"loc":{"start":{"line":48,"column":-2},"end":{"line":50,"column":4}},"locations":[{"start":{"line":48,"column":-2},"end":{"line":50,"column":4}}]},"2":{"type":"branch","line":50,"loc":{"start":{"line":50,"column":4},"end":{"line":52,"column":3}},"locations":[{"start":{"line":50,"column":4},"end":{"line":52,"column":3}}]},"3":{"type":"branch","line":51,"loc":{"start":{"line":51,"column":54},"end":{"line":51,"column":83}},"locations":[{"start":{"line":51,"column":54},"end":{"line":51,"column":83}}]},"4":{"type":"branch","line":51,"loc":{"start":{"line":51,"column":84},"end":{"line":51,"column":100}},"locations":[{"start":{"line":51,"column":84},"end":{"line":51,"column":100}}]},"5":{"type":"branch","line":52,"loc":{"start":{"line":52,"column":3},"end":{"line":54,"column":3}},"locations":[{"start":{"line":52,"column":3},"end":{"line":54,"column":3}}]},"6":{"type":"branch","line":4,"loc":{"start":{"line":4,"column":6},"end":{"line":4,"column":85}},"locations":[{"start":{"line":4,"column":6},"end":{"line":4,"column":85}}]},"7":{"type":"branch","line":6,"loc":{"start":{"line":6,"column":6},"end":{"line":7,"column":26}},"locations":[{"start":{"line":6,"column":6},"end":{"line":7,"column":26}}]},"8":{"type":"branch","line":12,"loc":{"start":{"line":12,"column":10},"end":{"line":12,"column":73}},"locations":[{"start":{"line":12,"column":10},"end":{"line":12,"column":73}}]},"9":{"type":"branch","line":13,"loc":{"start":{"line":13,"column":26},"end":{"line":13,"column":33}},"locations":[{"start":{"line":13,"column":26},"end":{"line":13,"column":33}}]},"10":{"type":"branch","line":17,"loc":{"start":{"line":17,"column":10},"end":{"line":17,"column":71}},"locations":[{"start":{"line":17,"column":10},"end":{"line":17,"column":71}}]},"11":{"type":"branch","line":18,"loc":{"start":{"line":18,"column":26},"end":{"line":18,"column":36}},"locations":[{"start":{"line":18,"column":26},"end":{"line":18,"column":36}}]},"12":{"type":"branch","line":23,"loc":{"start":{"line":23,"column":20},"end":{"line":23,"column":45}},"locations":[{"start":{"line":23,"column":20},"end":{"line":23,"column":45}}]},"13":{"type":"branch","line":23,"loc":{"start":{"line":23,"column":20},"end":{"line":23,"column":45}},"locations":[{"start":{"line":23,"column":20},"end":{"line":23,"column":45}}]},"14":{"type":"branch","line":13,"loc":{"start":{"line":13,"column":26},"end":{"line":13,"column":33}},"locations":[{"start":{"line":13,"column":26},"end":{"line":13,"column":33}}]},"15":{"type":"branch","line":18,"loc":{"start":{"line":18,"column":26},"end":{"line":18,"column":36}},"locations":[{"start":{"line":18,"column":26},"end":{"line":18,"column":36}}]}},"b":{"0":[4],"1":[1],"2":[2],"3":[1],"4":[1],"5":[3],"6":[5],"7":[2],"8":[5],"9":[5],"10":[5],"11":[5],"12":[4],"13":[16],"14":[4],"15":[4]},"fnMap":{"0":{"name":"handleLogin","decl":{"start":{"line":43,"column":0},"end":{"line":55,"column":1}},"loc":{"start":{"line":43,"column":0},"end":{"line":55,"column":1}},"line":43},"1":{"name":"onUpdate:modelValue._cache.<computed>._cache.<computed>","decl":{"start":{"line":13,"column":26},"end":{"line":13,"column":33}},"loc":{"start":{"line":13,"column":26},"end":{"line":13,"column":33}},"line":13},"2":{"name":"onUpdate:modelValue._cache.<computed>._cache.<computed>","decl":{"start":{"line":18,"column":26},"end":{"line":18,"column":36}},"loc":{"start":{"line":18,"column":26},"end":{"line":18,"column":36}},"line":18}},"f":{"0":4,"1":4,"2":4}}
,"/app/src/views/OperatorDashboard.vue": {"path":"/app/src/views/OperatorDashboard.vue","all":true,"statementMap":{"1":{"start":{"line":2,"column":0},"end":{"line":2,"column":44}},"2":{"start":{"line":3,"column":0},"end":{"line":3,"column":35}},"3":{"start":{"line":4,"column":0},"end":{"line":4,"column":102}},"4":{"start":{"line":5,"column":0},"end":{"line":5,"column":13}},"5":{"start":{"line":6,"column":0},"end":{"line":6,"column":66}},"6":{"start":{"line":7,"column":0},"end":{"line":7,"column":54}},"7":{"start":{"line":8,"column":0},"end":{"line":8,"column":14}},"8":{"start":{"line":9,"column":0},"end":{"line":9,"column":37}},"9":{"start":{"line":10,"column":0},"end":{"line":10,"column":129}},"11":{"start":{"line":12,"column":0},"end":{"line":12,"column":17}},"12":{"start":{"line":13,"column":0},"end":{"line":13,"column":12}},"14":{"start":{"line":15,"column":0},"end":{"line":15,"column":42}},"15":{"start":{"line":16,"column":0},"end":{"line":16,"column":60}},"16":{"start":{"line":17,"column":0},"end":{"line":17,"column":98}},"17":{"start":{"line":18,"column":0},"end":{"line":18,"column":46}},"18":{"start":{"line":19,"column":0},"end":{"line":19,"column":68}},"19":{"start":{"line":20,"column":0},"end":{"line":20,"column":64}},"20":{"start":{"line":21,"column":0},"end":{"line":21,"column":14}},"21":{"start":{"line":22,"column":0},"end":{"line":22,"column":56}},"22":{"start":{"line":23,"column":0},"end":{"line":23,"column":98}},"23":{"start":{"line":24,"column":0},"end":{"line":24,"column":45}},"24":{"start":{"line":25,"column":0},"end":{"line":25,"column":68}},"25":{"start":{"line":26,"column":0},"end":{"line":26,"column":68}},"26":{"start":{"line":27,"column":0},"end":{"line":27,"column":14}},"27":{"start":{"line":28,"column":0},"end":{"line":28,"column":53}},"28":{"start":{"line":29,"column":0},"end":{"line":29,"column":109}},"29":{"start":{"line":30,"column":0},"end":{"line":30,"column":45}},"30":{"start":{"line":31,"column":0},"end":{"line":31,"column":65}},"31":{"start":{"line":32,"column":0},"end":{"line":32,"column":69}},"32":{"start":{"line":33,"column":0},"end":{"line":33,"column":14}},"33":{"start":{"line":34,"column":0},"end":{"line":34,"column":53}},"34":{"start":{"line":35,"column":0},"end":{"line":35,"column":109}},"35":{"start":{"line":36,"column":0},"end":{"line":36,"column":45}},"36":{"start":{"line":37,"column":0},"end":{"line":37,"column":66}},"37":{"start":{"line":38,"column":0},"end":{"line":38,"column":72}},"38":{"start":{"line":39,"column":0},"end":{"line":39,"column":14}},"39":{"start":{"line":40,"column":0},"end":{"line":40,"column":12}},"40":{"start":{"line":41,"column":0},"end":{"line":41,"column":10}},"41":{"start":{"line":42,"column":0},"end":{"line":42,"column":8}},"44":{"start":{"line":45,"column":0},"end":{"line":45,"column":14}},"45":{"start":{"line":46,"column":0},"end":{"line":46,"column":38}},"46":{"start":{"line":47,"column":0},"end":{"line":47,"column":48}},"47":{"start":{"line":48,"column":0},"end":{"line":48,"column":0}},"48":{"start":{"line":49,"column":0},"end":{"line":49,"column":26}},"49":{"start":{"line":50,"column":0},"end":{"line":50,"column":27}},"50":{"start":{"line":51,"column":0},"end":{"line":51,"column":0}},"51":{"start":{"line":52,"column":0},"end":{"line":52,"column":25}},"52":{"start":{"line":53,"column":0},"end":{"line":53,"column":15}},"53":{"start":{"line":54,"column":0},"end":{"line":54,"column":32}},"54":{"start":{"line":55,"column":0},"end":{"line":55,"column":1}}},"s":{"1":0,"2":0,"3":0,"4":0,"5":0,"6":0,"7":0,"8":0,"9":0,"11":0,"12":0,"14":0,"15":0,"16":0,"17":0,"18":0,"19":0,"20":0,"21":0,"22":0,"23":0,"24":0,"25":0,"26":0,"27":0,"28":0,"29":0,"30":0,"31":0,"32":0,"33":0,"34":0,"35":0,"36":0,"37":0,"38":0,"39":0,"40":0,"41":0,"44":0,"45":0,"46":0,"47":0,"48":0,"49":0,"50":0,"51":0,"52":0,"53":0,"54":0},"branchMap":{"0":{"type":"branch","line":1,"loc":{"start":{"line":1,"column":2389},"end":{"line":56,"column":9}},"locations":[{"start":{"line":1,"column":2389},"end":{"line":56,"column":9}}]}},"b":{"0":[1]},"fnMap":{"0":{"name":"(empty-report)","decl":{"start":{"line":1,"column":2389},"end":{"line":56,"column":9}},"loc":{"start":{"line":1,"column":2389},"end":{"line":56,"column":9}},"line":1}},"f":{"0":1}}
,"/app/src/views/OperatorMyPage.vue": {"path":"/app/src/views/OperatorMyPage.vue","all":true,"statementMap":{"1":{"start":{"line":2,"column":0},"end":{"line":2,"column":44}},"2":{"start":{"line":3,"column":0},"end":{"line":3,"column":35}},"3":{"start":{"line":4,"column":0},"end":{"line":4,"column":48}},"4":{"start":{"line":5,"column":0},"end":{"line":5,"column":125}},"5":{"start":{"line":6,"column":0},"end":{"line":6,"column":62}},"6":{"start":{"line":7,"column":0},"end":{"line":7,"column":12}},"8":{"start":{"line":9,"column":0},"end":{"line":9,"column":105}},"9":{"start":{"line":10,"column":0},"end":{"line":10,"column":49}},"11":{"start":{"line":12,"column":0},"end":{"line":12,"column":21}},"12":{"start":{"line":13,"column":0},"end":{"line":13,"column":52}},"13":{"start":{"line":14,"column":0},"end":{"line":14,"column":66}},"14":{"start":{"line":15,"column":0},"end":{"line":15,"column":47}},"15":{"start":{"line":16,"column":0},"end":{"line":16,"column":44}},"16":{"start":{"line":17,"column":0},"end":{"line":17,"column":83}},"17":{"start":{"line":18,"column":0},"end":{"line":18,"column":16}},"18":{"start":{"line":19,"column":0},"end":{"line":19,"column":14}},"20":{"start":{"line":21,"column":0},"end":{"line":21,"column":24}},"21":{"start":{"line":22,"column":0},"end":{"line":22,"column":52}},"22":{"start":{"line":23,"column":0},"end":{"line":23,"column":68}},"23":{"start":{"line":24,"column":0},"end":{"line":24,"column":93}},"25":{"start":{"line":26,"column":0},"end":{"line":26,"column":24}},"26":{"start":{"line":27,"column":0},"end":{"line":27,"column":61}},"27":{"start":{"line":28,"column":0},"end":{"line":28,"column":63}},"28":{"start":{"line":29,"column":0},"end":{"line":29,"column":135}},"29":{"start":{"line":30,"column":0},"end":{"line":30,"column":16}},"30":{"start":{"line":31,"column":0},"end":{"line":31,"column":156}},"32":{"start":{"line":33,"column":0},"end":{"line":33,"column":16}},"34":{"start":{"line":35,"column":0},"end":{"line":35,"column":63}},"35":{"start":{"line":36,"column":0},"end":{"line":36,"column":29}},"36":{"start":{"line":37,"column":0},"end":{"line":37,"column":17}},"37":{"start":{"line":38,"column":0},"end":{"line":38,"column":75}},"38":{"start":{"line":39,"column":0},"end":{"line":39,"column":72}},"39":{"start":{"line":40,"column":0},"end":{"line":40,"column":173}},"40":{"start":{"line":41,"column":0},"end":{"line":41,"column":80}},"41":{"start":{"line":42,"column":0},"end":{"line":42,"column":18}},"43":{"start":{"line":44,"column":0},"end":{"line":44,"column":26}},"44":{"start":{"line":45,"column":0},"end":{"line":45,"column":93}},"45":{"start":{"line":46,"column":0},"end":{"line":46,"column":88}},"46":{"start":{"line":47,"column":0},"end":{"line":47,"column":18}},"48":{"start":{"line":49,"column":0},"end":{"line":49,"column":24}},"49":{"start":{"line":50,"column":0},"end":{"line":50,"column":17}},"50":{"start":{"line":51,"column":0},"end":{"line":51,"column":76}},"51":{"start":{"line":52,"column":0},"end":{"line":52,"column":109}},"52":{"start":{"line":53,"column":0},"end":{"line":53,"column":158}},"53":{"start":{"line":54,"column":0},"end":{"line":54,"column":18}},"55":{"start":{"line":56,"column":0},"end":{"line":56,"column":107}},"56":{"start":{"line":57,"column":0},"end":{"line":57,"column":31}},"57":{"start":{"line":58,"column":0},"end":{"line":58,"column":18}},"59":{"start":{"line":60,"column":0},"end":{"line":60,"column":52}},"60":{"start":{"line":61,"column":0},"end":{"line":61,"column":174}},"61":{"start":{"line":62,"column":0},"end":{"line":62,"column":46}},"62":{"start":{"line":63,"column":0},"end":{"line":63,"column":21}},"63":{"start":{"line":64,"column":0},"end":{"line":64,"column":17}},"64":{"start":{"line":65,"column":0},"end":{"line":65,"column":14}},"65":{"start":{"line":66,"column":0},"end":{"line":66,"column":12}},"67":{"start":{"line":68,"column":0},"end":{"line":68,"column":83}},"69":{"start":{"line":70,"column":0},"end":{"line":70,"column":12}},"70":{"start":{"line":71,"column":0},"end":{"line":71,"column":10}},"71":{"start":{"line":72,"column":0},"end":{"line":72,"column":8}},"74":{"start":{"line":75,"column":0},"end":{"line":75,"column":14}},"75":{"start":{"line":76,"column":0},"end":{"line":76,"column":46}},"76":{"start":{"line":77,"column":0},"end":{"line":77,"column":38}},"77":{"start":{"line":78,"column":0},"end":{"line":78,"column":25}},"78":{"start":{"line":79,"column":0},"end":{"line":79,"column":0}},"79":{"start":{"line":80,"column":0},"end":{"line":80,"column":26}},"80":{"start":{"line":81,"column":0},"end":{"line":81,"column":25}},"81":{"start":{"line":82,"column":0},"end":{"line":82,"column":25}},"82":{"start":{"line":83,"column":0},"end":{"line":83,"column":25}},"83":{"start":{"line":84,"column":0},"end":{"line":84,"column":26}},"84":{"start":{"line":85,"column":0},"end":{"line":85,"column":27}},"85":{"start":{"line":86,"column":0},"end":{"line":86,"column":28}},"86":{"start":{"line":87,"column":0},"end":{"line":87,"column":59}},"87":{"start":{"line":88,"column":0},"end":{"line":88,"column":0}},"88":{"start":{"line":89,"column":0},"end":{"line":89,"column":31}},"89":{"start":{"line":90,"column":0},"end":{"line":90,"column":7}},"90":{"start":{"line":91,"column":0},"end":{"line":91,"column":55}},"91":{"start":{"line":92,"column":0},"end":{"line":92,"column":28}},"92":{"start":{"line":93,"column":0},"end":{"line":93,"column":57}},"93":{"start":{"line":94,"column":0},"end":{"line":94,"column":11}},"94":{"start":{"line":95,"column":0},"end":{"line":95,"column":24}},"95":{"start":{"line":96,"column":0},"end":{"line":96,"column":13}},"96":{"start":{"line":97,"column":0},"end":{"line":97,"column":25}},"97":{"start":{"line":98,"column":0},"end":{"line":98,"column":3}},"98":{"start":{"line":99,"column":0},"end":{"line":99,"column":1}},"99":{"start":{"line":100,"column":0},"end":{"line":100,"column":0}},"100":{"start":{"line":101,"column":0},"end":{"line":101,"column":26}},"101":{"start":{"line":102,"column":0},"end":{"line":102,"column":32}},"102":{"start":{"line":103,"column":0},"end":{"line":103,"column":19}},"103":{"start":{"line":104,"column":0},"end":{"line":104,"column":36}},"104":{"start":{"line":105,"column":0},"end":{"line":105,"column":42}},"105":{"start":{"line":106,"column":0},"end":{"line":106,"column":26}},"106":{"start":{"line":107,"column":0},"end":{"line":107,"column":10}},"107":{"start":{"line":108,"column":0},"end":{"line":108,"column":3}},"108":{"start":{"line":109,"column":0},"end":{"line":109,"column":33}},"109":{"start":{"line":110,"column":0},"end":{"line":110,"column":27}},"110":{"start":{"line":111,"column":0},"end":{"line":111,"column":39}},"111":{"start":{"line":112,"column":0},"end":{"line":112,"column":59}},"112":{"start":{"line":113,"column":0},"end":{"line":113,"column":3}},"113":{"start":{"line":114,"column":0},"end":{"line":114,"column":28}},"114":{"start":{"line":115,"column":0},"end":{"line":115,"column":1}},"115":{"start":{"line":116,"column":0},"end":{"line":116,"column":0}},"116":{"start":{"line":117,"column":0},"end":{"line":117,"column":29}},"117":{"start":{"line":118,"column":0},"end":{"line":118,"column":21}},"118":{"start":{"line":119,"column":0},"end":{"line":119,"column":24}},"119":{"start":{"line":120,"column":0},"end":{"line":120,"column":25}},"120":{"start":{"line":121,"column":0},"end":{"line":121,"column":7}},"121":{"start":{"line":122,"column":0},"end":{"line":122,"column":67}},"122":{"start":{"line":123,"column":0},"end":{"line":123,"column":84}},"123":{"start":{"line":124,"column":0},"end":{"line":124,"column":44}},"124":{"start":{"line":125,"column":0},"end":{"line":125,"column":6}},"125":{"start":{"line":126,"column":0},"end":{"line":126,"column":28}},"126":{"start":{"line":127,"column":0},"end":{"line":127,"column":25}},"127":{"start":{"line":128,"column":0},"end":{"line":128,"column":33}},"128":{"start":{"line":129,"column":0},"end":{"line":129,"column":11}},"129":{"start":{"line":130,"column":0},"end":{"line":130,"column":36}},"130":{"start":{"line":131,"column":0},"end":{"line":131,"column":26}},"131":{"start":{"line":132,"column":0},"end":{"line":132,"column":13}},"132":{"start":{"line":133,"column":0},"end":{"line":133,"column":24}},"133":{"start":{"line":134,"column":0},"end":{"line":134,"column":3}},"134":{"start":{"line":135,"column":0},"end":{"line":135,"column":1}},"135":{"start":{"line":136,"column":0},"end":{"line":136,"column":0}},"136":{"start":{"line":137,"column":0},"end":{"line":137,"column":23}}},"s":{"1":0,"2":0,"3":0,"4":0,"5":0,"6":0,"8":0,"9":0,"11":0,"12":0,"13":0,"14":0,"15":0,"16":0,"17":0,"18":0,"20":0,"21":0,"22":0,"23":0,"25":0,"26":0,"27":0,"28":0,"29":0,"30":0,"32":0,"34":0,"35":0,"36":0,"37":0,"38":0,"39":0,"40":0,"41":0,"43":0,"44":0,"45":0,"46":0,"48":0,"49":0,"50":0,"51":0,"52":0,"53":0,"55":0,"56":0,"57":0,"59":0,"60":0,"61":0,"62":0,"63":0,"64":0,"65":0,"67":0,"69":0,"70":0,"71":0,"74":0,"75":0,"76":0,"77":0,"78":0,"79":0,"80":0,"81":0,"82":0,"83":0,"84":0,"85":0,"86":0,"87":0,"88":0,"89":0,"90":0,"91":0,"92":0,"93":0,"94":0,"95":0,"96":0,"97":0,"98":0,"99":0,"100":0,"101":0,"102":0,"103":0,"104":0,"105":0,"106":0,"107":0,"108":0,"109":0,"110":0,"111":0,"112":0,"113":0,"114":0,"115":0,"116":0,"117":0,"118":0,"119":0,"120":0,"121":0,"122":0,"123":0,"124":0,"125":0,"126":0,"127":0,"128":0,"129":0,"130":0,"131":0,"132":0,"133":0,"134":0,"135":0,"136":0},"branchMap":{"0":{"type":"branch","line":1,"loc":{"start":{"line":1,"column":5164},"end":{"line":138,"column":9}},"locations":[{"start":{"line":1,"column":5164},"end":{"line":138,"column":9}}]}},"b":{"0":[1]},"fnMap":{"0":{"name":"(empty-report)","decl":{"start":{"line":1,"column":5164},"end":{"line":138,"column":9}},"loc":{"start":{"line":1,"column":5164},"end":{"line":138,"column":9}},"line":1}},"f":{"0":1}}
,"/app/src/views/QRScan.vue": {"path":"/app/src/views/QRScan.vue","all":true,"statementMap":{"1":{"start":{"line":2,"column":0},"end":{"line":2,"column":44}},"2":{"start":{"line":3,"column":0},"end":{"line":3,"column":34}},"3":{"start":{"line":4,"column":0},"end":{"line":4,"column":48}},"4":{"start":{"line":5,"column":0},"end":{"line":5,"column":126}},"5":{"start":{"line":6,"column":0},"end":{"line":6,"column":63}},"6":{"start":{"line":7,"column":0},"end":{"line":7,"column":12}},"8":{"start":{"line":9,"column":0},"end":{"line":9,"column":55}},"9":{"start":{"line":10,"column":0},"end":{"line":10,"column":58}},"10":{"start":{"line":11,"column":0},"end":{"line":11,"column":51}},"11":{"start":{"line":12,"column":0},"end":{"line":12,"column":12}},"13":{"start":{"line":14,"column":0},"end":{"line":14,"column":22}},"14":{"start":{"line":15,"column":0},"end":{"line":15,"column":61}},"15":{"start":{"line":16,"column":0},"end":{"line":16,"column":36}},"16":{"start":{"line":17,"column":0},"end":{"line":17,"column":112}},"18":{"start":{"line":19,"column":0},"end":{"line":19,"column":19}},"19":{"start":{"line":20,"column":0},"end":{"line":20,"column":14}},"21":{"start":{"line":22,"column":0},"end":{"line":22,"column":40}},"22":{"start":{"line":23,"column":0},"end":{"line":23,"column":77}},"23":{"start":{"line":24,"column":0},"end":{"line":24,"column":134}},"25":{"start":{"line":26,"column":0},"end":{"line":26,"column":19}},"26":{"start":{"line":27,"column":0},"end":{"line":27,"column":14}},"27":{"start":{"line":28,"column":0},"end":{"line":28,"column":12}},"29":{"start":{"line":30,"column":0},"end":{"line":30,"column":21}},"30":{"start":{"line":31,"column":0},"end":{"line":31,"column":94}},"32":{"start":{"line":33,"column":0},"end":{"line":33,"column":12}},"34":{"start":{"line":35,"column":0},"end":{"line":35,"column":64}},"35":{"start":{"line":36,"column":0},"end":{"line":36,"column":35}},"36":{"start":{"line":37,"column":0},"end":{"line":37,"column":40}},"37":{"start":{"line":38,"column":0},"end":{"line":38,"column":46}},"38":{"start":{"line":39,"column":0},"end":{"line":39,"column":63}},"39":{"start":{"line":40,"column":0},"end":{"line":40,"column":16}},"40":{"start":{"line":41,"column":0},"end":{"line":41,"column":40}},"41":{"start":{"line":42,"column":0},"end":{"line":42,"column":76}},"42":{"start":{"line":43,"column":0},"end":{"line":43,"column":49}},"43":{"start":{"line":44,"column":0},"end":{"line":44,"column":79}},"44":{"start":{"line":45,"column":0},"end":{"line":45,"column":18}},"45":{"start":{"line":46,"column":0},"end":{"line":46,"column":76}},"46":{"start":{"line":47,"column":0},"end":{"line":47,"column":48}},"47":{"start":{"line":48,"column":0},"end":{"line":48,"column":160}},"48":{"start":{"line":49,"column":0},"end":{"line":49,"column":18}},"49":{"start":{"line":50,"column":0},"end":{"line":50,"column":51}},"50":{"start":{"line":51,"column":0},"end":{"line":51,"column":48}},"51":{"start":{"line":52,"column":0},"end":{"line":52,"column":160}},"52":{"start":{"line":53,"column":0},"end":{"line":53,"column":18}},"53":{"start":{"line":54,"column":0},"end":{"line":54,"column":15}},"54":{"start":{"line":55,"column":0},"end":{"line":55,"column":88}},"55":{"start":{"line":56,"column":0},"end":{"line":56,"column":50}},"56":{"start":{"line":57,"column":0},"end":{"line":57,"column":16}},"57":{"start":{"line":58,"column":0},"end":{"line":58,"column":14}},"59":{"start":{"line":60,"column":0},"end":{"line":60,"column":20}},"60":{"start":{"line":61,"column":0},"end":{"line":61,"column":40}},"61":{"start":{"line":62,"column":0},"end":{"line":62,"column":47}},"62":{"start":{"line":63,"column":0},"end":{"line":63,"column":69}},"63":{"start":{"line":64,"column":0},"end":{"line":64,"column":16}},"64":{"start":{"line":65,"column":0},"end":{"line":65,"column":14}},"66":{"start":{"line":67,"column":0},"end":{"line":67,"column":37}},"67":{"start":{"line":68,"column":0},"end":{"line":68,"column":126}},"69":{"start":{"line":70,"column":0},"end":{"line":70,"column":19}},"70":{"start":{"line":71,"column":0},"end":{"line":71,"column":142}},"72":{"start":{"line":73,"column":0},"end":{"line":73,"column":19}},"73":{"start":{"line":74,"column":0},"end":{"line":74,"column":14}},"74":{"start":{"line":75,"column":0},"end":{"line":75,"column":12}},"76":{"start":{"line":77,"column":0},"end":{"line":77,"column":19}},"77":{"start":{"line":78,"column":0},"end":{"line":78,"column":55}},"78":{"start":{"line":79,"column":0},"end":{"line":79,"column":70}},"79":{"start":{"line":80,"column":0},"end":{"line":80,"column":32}},"80":{"start":{"line":81,"column":0},"end":{"line":81,"column":77}},"81":{"start":{"line":82,"column":0},"end":{"line":82,"column":143}},"82":{"start":{"line":83,"column":0},"end":{"line":83,"column":74}},"83":{"start":{"line":84,"column":0},"end":{"line":84,"column":110}},"85":{"start":{"line":86,"column":0},"end":{"line":86,"column":19}},"86":{"start":{"line":87,"column":0},"end":{"line":87,"column":14}},"87":{"start":{"line":88,"column":0},"end":{"line":88,"column":12}},"88":{"start":{"line":89,"column":0},"end":{"line":89,"column":10}},"89":{"start":{"line":90,"column":0},"end":{"line":90,"column":8}},"92":{"start":{"line":93,"column":0},"end":{"line":93,"column":14}},"93":{"start":{"line":94,"column":0},"end":{"line":94,"column":25}},"94":{"start":{"line":95,"column":0},"end":{"line":95,"column":38}},"95":{"start":{"line":96,"column":0},"end":{"line":96,"column":25}},"96":{"start":{"line":97,"column":0},"end":{"line":97,"column":51}},"97":{"start":{"line":98,"column":0},"end":{"line":98,"column":0}},"98":{"start":{"line":99,"column":0},"end":{"line":99,"column":26}},"99":{"start":{"line":100,"column":0},"end":{"line":100,"column":27}},"100":{"start":{"line":101,"column":0},"end":{"line":101,"column":29}},"101":{"start":{"line":102,"column":0},"end":{"line":102,"column":24}},"102":{"start":{"line":103,"column":0},"end":{"line":103,"column":27}},"103":{"start":{"line":104,"column":0},"end":{"line":104,"column":0}},"104":{"start":{"line":105,"column":0},"end":{"line":105,"column":67}},"105":{"start":{"line":106,"column":0},"end":{"line":106,"column":46}},"106":{"start":{"line":107,"column":0},"end":{"line":107,"column":0}},"107":{"start":{"line":108,"column":0},"end":{"line":108,"column":16}},"108":{"start":{"line":109,"column":0},"end":{"line":109,"column":20}},"109":{"start":{"line":110,"column":0},"end":{"line":110,"column":21}},"110":{"start":{"line":111,"column":0},"end":{"line":111,"column":23}},"111":{"start":{"line":112,"column":0},"end":{"line":112,"column":26}},"112":{"start":{"line":113,"column":0},"end":{"line":113,"column":1}},"113":{"start":{"line":114,"column":0},"end":{"line":114,"column":0}},"114":{"start":{"line":115,"column":0},"end":{"line":115,"column":42}},"115":{"start":{"line":116,"column":0},"end":{"line":116,"column":37}},"116":{"start":{"line":117,"column":0},"end":{"line":117,"column":24}},"117":{"start":{"line":118,"column":0},"end":{"line":118,"column":25}},"118":{"start":{"line":119,"column":0},"end":{"line":119,"column":21}},"119":{"start":{"line":120,"column":0},"end":{"line":120,"column":0}},"120":{"start":{"line":121,"column":0},"end":{"line":121,"column":7}},"121":{"start":{"line":122,"column":0},"end":{"line":122,"column":20}},"122":{"start":{"line":123,"column":0},"end":{"line":123,"column":80}},"123":{"start":{"line":124,"column":0},"end":{"line":124,"column":32}},"124":{"start":{"line":125,"column":0},"end":{"line":125,"column":40}},"125":{"start":{"line":126,"column":0},"end":{"line":126,"column":0}},"126":{"start":{"line":127,"column":0},"end":{"line":127,"column":40}},"127":{"start":{"line":128,"column":0},"end":{"line":128,"column":64}},"128":{"start":{"line":129,"column":0},"end":{"line":129,"column":12}},"129":{"start":{"line":130,"column":0},"end":{"line":130,"column":5}},"130":{"start":{"line":131,"column":0},"end":{"line":131,"column":0}},"131":{"start":{"line":132,"column":0},"end":{"line":132,"column":42}},"132":{"start":{"line":133,"column":0},"end":{"line":133,"column":16}},"133":{"start":{"line":134,"column":0},"end":{"line":134,"column":99}},"134":{"start":{"line":135,"column":0},"end":{"line":135,"column":12}},"135":{"start":{"line":136,"column":0},"end":{"line":136,"column":5}},"136":{"start":{"line":137,"column":0},"end":{"line":137,"column":0}},"137":{"start":{"line":138,"column":0},"end":{"line":138,"column":29}},"138":{"start":{"line":139,"column":0},"end":{"line":139,"column":107}},"139":{"start":{"line":140,"column":0},"end":{"line":140,"column":0}},"140":{"start":{"line":141,"column":0},"end":{"line":141,"column":20}},"141":{"start":{"line":142,"column":0},"end":{"line":142,"column":20}},"142":{"start":{"line":143,"column":0},"end":{"line":143,"column":45}},"143":{"start":{"line":144,"column":0},"end":{"line":144,"column":32}},"144":{"start":{"line":145,"column":0},"end":{"line":145,"column":23}},"145":{"start":{"line":146,"column":0},"end":{"line":146,"column":5}},"146":{"start":{"line":147,"column":0},"end":{"line":147,"column":26}},"147":{"start":{"line":148,"column":0},"end":{"line":148,"column":17}},"148":{"start":{"line":149,"column":0},"end":{"line":149,"column":39}},"149":{"start":{"line":150,"column":0},"end":{"line":150,"column":62}},"150":{"start":{"line":151,"column":0},"end":{"line":151,"column":12}},"151":{"start":{"line":152,"column":0},"end":{"line":152,"column":97}},"152":{"start":{"line":153,"column":0},"end":{"line":153,"column":5}},"153":{"start":{"line":154,"column":0},"end":{"line":154,"column":13}},"154":{"start":{"line":155,"column":0},"end":{"line":155,"column":28}},"155":{"start":{"line":156,"column":0},"end":{"line":156,"column":3}},"156":{"start":{"line":157,"column":0},"end":{"line":157,"column":1}},"157":{"start":{"line":158,"column":0},"end":{"line":158,"column":0}},"158":{"start":{"line":159,"column":0},"end":{"line":159,"column":88}},"159":{"start":{"line":160,"column":0},"end":{"line":160,"column":0}},"160":{"start":{"line":161,"column":0},"end":{"line":161,"column":25}},"161":{"start":{"line":162,"column":0},"end":{"line":162,"column":88}},"162":{"start":{"line":163,"column":0},"end":{"line":163,"column":1}},"163":{"start":{"line":164,"column":0},"end":{"line":164,"column":25}},"164":{"start":{"line":165,"column":0},"end":{"line":165,"column":212}},"165":{"start":{"line":166,"column":0},"end":{"line":166,"column":1}},"166":{"start":{"line":167,"column":0},"end":{"line":167,"column":27}},"167":{"start":{"line":168,"column":0},"end":{"line":168,"column":10}},"168":{"start":{"line":169,"column":0},"end":{"line":169,"column":39}},"169":{"start":{"line":170,"column":0},"end":{"line":170,"column":42}},"170":{"start":{"line":171,"column":0},"end":{"line":171,"column":32}},"171":{"start":{"line":172,"column":0},"end":{"line":172,"column":12}},"172":{"start":{"line":173,"column":0},"end":{"line":173,"column":1}}},"s":{"1":0,"2":0,"3":0,"4":0,"5":0,"6":0,"8":0,"9":0,"10":0,"11":0,"13":0,"14":0,"15":0,"16":0,"18":0,"19":0,"21":0,"22":0,"23":0,"25":0,"26":0,"27":0,"29":0,"30":0,"32":0,"34":0,"35":0,"36":0,"37":0,"38":0,"39":0,"40":0,"41":0,"42":0,"43":0,"44":0,"45":0,"46":0,"47":0,"48":0,"49":0,"50":0,"51":0,"52":0,"53":0,"54":0,"55":0,"56":0,"57":0,"59":0,"60":0,"61":0,"62":0,"63":0,"64":0,"66":0,"67":0,"69":0,"70":0,"72":0,"73":0,"74":0,"76":0,"77":0,"78":0,"79":0,"80":0,"81":0,"82":0,"83":0,"85":0,"86":0,"87":0,"88":0,"89":0,"92":0,"93":0,"94":0,"95":0,"96":0,"97":0,"98":0,"99":0,"100":0,"101":0,"102":0,"103":0,"104":0,"105":0,"106":0,"107":0,"108":0,"109":0,"110":0,"111":0,"112":0,"113":0,"114":0,"115":0,"116":0,"117":0,"118":0,"119":0,"120":0,"121":0,"122":0,"123":0,"124":0,"125":0,"126":0,"127":0,"128":0,"129":0,"130":0,"131":0,"132":0,"133":0,"134":0,"135":0,"136":0,"137":0,"138":0,"139":0,"140":0,"141":0,"142":0,"143":0,"144":0,"145":0,"146":0,"147":0,"148":0,"149":0,"150":0,"151":0,"152":0,"153":0,"154":0,"155":0,"156":0,"157":0,"158":0,"159":0,"160":0,"161":0,"162":0,"163":0,"164":0,"165":0,"166":0,"167":0,"168":0,"169":0,"170":0,"171":0,"172":0},"branchMap":{"0":{"type":"branch","line":1,"loc":{"start":{"line":1,"column":6490},"end":{"line":174,"column":9}},"locations":[{"start":{"line":1,"column":6490},"end":{"line":174,"column":9}}]}},"b":{"0":[1]},"fnMap":{"0":{"name":"(empty-report)","decl":{"start":{"line":1,"column":6490},"end":{"line":174,"column":9}},"loc":{"start":{"line":1,"column":6490},"end":{"line":174,"column":9}},"line":1}},"f":{"0":1}}
,"/app/src/views/ScheduleCreate.vue": {"path":"/app/src/views/ScheduleCreate.vue","all":true,"statementMap":{"1":{"start":{"line":2,"column":0},"end":{"line":2,"column":44}},"2":{"start":{"line":3,"column":0},"end":{"line":3,"column":35}},"3":{"start":{"line":4,"column":0},"end":{"line":4,"column":48}},"4":{"start":{"line":5,"column":0},"end":{"line":5,"column":125}},"5":{"start":{"line":6,"column":0},"end":{"line":6,"column":65}},"6":{"start":{"line":7,"column":0},"end":{"line":7,"column":12}},"8":{"start":{"line":9,"column":0},"end":{"line":9,"column":149}},"9":{"start":{"line":10,"column":0},"end":{"line":10,"column":139}},"11":{"start":{"line":12,"column":0},"end":{"line":12,"column":17}},"12":{"start":{"line":13,"column":0},"end":{"line":13,"column":55}},"13":{"start":{"line":14,"column":0},"end":{"line":14,"column":92}},"14":{"start":{"line":15,"column":0},"end":{"line":15,"column":50}},"15":{"start":{"line":16,"column":0},"end":{"line":16,"column":134}},"16":{"start":{"line":17,"column":0},"end":{"line":17,"column":14}},"17":{"start":{"line":18,"column":0},"end":{"line":18,"column":45}},"18":{"start":{"line":19,"column":0},"end":{"line":19,"column":59}},"19":{"start":{"line":20,"column":0},"end":{"line":20,"column":33}},"20":{"start":{"line":21,"column":0},"end":{"line":21,"column":113}},"21":{"start":{"line":22,"column":0},"end":{"line":22,"column":58}},"22":{"start":{"line":23,"column":0},"end":{"line":23,"column":16}},"23":{"start":{"line":24,"column":0},"end":{"line":24,"column":59}},"24":{"start":{"line":25,"column":0},"end":{"line":25,"column":33}},"25":{"start":{"line":26,"column":0},"end":{"line":26,"column":105}},"26":{"start":{"line":27,"column":0},"end":{"line":27,"column":58}},"27":{"start":{"line":28,"column":0},"end":{"line":28,"column":16}},"28":{"start":{"line":29,"column":0},"end":{"line":29,"column":14}},"29":{"start":{"line":30,"column":0},"end":{"line":30,"column":48}},"30":{"start":{"line":31,"column":0},"end":{"line":31,"column":143}},"31":{"start":{"line":32,"column":0},"end":{"line":32,"column":14}},"32":{"start":{"line":33,"column":0},"end":{"line":33,"column":12}},"34":{"start":{"line":35,"column":0},"end":{"line":35,"column":19}},"35":{"start":{"line":36,"column":0},"end":{"line":36,"column":50}},"36":{"start":{"line":37,"column":0},"end":{"line":37,"column":66}},"37":{"start":{"line":38,"column":0},"end":{"line":38,"column":63}},"38":{"start":{"line":39,"column":0},"end":{"line":39,"column":46}},"39":{"start":{"line":40,"column":0},"end":{"line":40,"column":25}},"40":{"start":{"line":41,"column":0},"end":{"line":41,"column":34}},"41":{"start":{"line":42,"column":0},"end":{"line":42,"column":62}},"43":{"start":{"line":44,"column":0},"end":{"line":44,"column":94}},"44":{"start":{"line":45,"column":0},"end":{"line":45,"column":22}},"45":{"start":{"line":46,"column":0},"end":{"line":46,"column":107}},"46":{"start":{"line":47,"column":0},"end":{"line":47,"column":78}},"47":{"start":{"line":48,"column":0},"end":{"line":48,"column":118}},"48":{"start":{"line":49,"column":0},"end":{"line":49,"column":74}},"49":{"start":{"line":50,"column":0},"end":{"line":50,"column":188}},"50":{"start":{"line":51,"column":0},"end":{"line":51,"column":120}},"51":{"start":{"line":52,"column":0},"end":{"line":52,"column":115}},"52":{"start":{"line":53,"column":0},"end":{"line":53,"column":38}},"53":{"start":{"line":54,"column":0},"end":{"line":54,"column":21}},"54":{"start":{"line":55,"column":0},"end":{"line":55,"column":19}},"55":{"start":{"line":56,"column":0},"end":{"line":56,"column":18}},"56":{"start":{"line":57,"column":0},"end":{"line":57,"column":25}},"57":{"start":{"line":58,"column":0},"end":{"line":58,"column":34}},"58":{"start":{"line":59,"column":0},"end":{"line":59,"column":62}},"60":{"start":{"line":61,"column":0},"end":{"line":61,"column":92}},"61":{"start":{"line":62,"column":0},"end":{"line":62,"column":22}},"62":{"start":{"line":63,"column":0},"end":{"line":63,"column":105}},"63":{"start":{"line":64,"column":0},"end":{"line":64,"column":74}},"64":{"start":{"line":65,"column":0},"end":{"line":65,"column":118}},"65":{"start":{"line":66,"column":0},"end":{"line":66,"column":72}},"66":{"start":{"line":67,"column":0},"end":{"line":67,"column":186}},"67":{"start":{"line":68,"column":0},"end":{"line":68,"column":116}},"68":{"start":{"line":69,"column":0},"end":{"line":69,"column":115}},"69":{"start":{"line":70,"column":0},"end":{"line":70,"column":38}},"70":{"start":{"line":71,"column":0},"end":{"line":71,"column":21}},"71":{"start":{"line":72,"column":0},"end":{"line":72,"column":19}},"72":{"start":{"line":73,"column":0},"end":{"line":73,"column":18}},"73":{"start":{"line":74,"column":0},"end":{"line":74,"column":16}},"75":{"start":{"line":76,"column":0},"end":{"line":76,"column":46}},"76":{"start":{"line":77,"column":0},"end":{"line":77,"column":17}},"77":{"start":{"line":78,"column":0},"end":{"line":78,"column":74}},"78":{"start":{"line":79,"column":0},"end":{"line":79,"column":75}},"79":{"start":{"line":80,"column":0},"end":{"line":80,"column":137}},"80":{"start":{"line":81,"column":0},"end":{"line":81,"column":18}},"81":{"start":{"line":82,"column":0},"end":{"line":82,"column":17}},"82":{"start":{"line":83,"column":0},"end":{"line":83,"column":76}},"83":{"start":{"line":84,"column":0},"end":{"line":84,"column":75}},"84":{"start":{"line":85,"column":0},"end":{"line":85,"column":137}},"85":{"start":{"line":86,"column":0},"end":{"line":86,"column":18}},"86":{"start":{"line":87,"column":0},"end":{"line":87,"column":16}},"88":{"start":{"line":89,"column":0},"end":{"line":89,"column":46}},"89":{"start":{"line":90,"column":0},"end":{"line":90,"column":17}},"90":{"start":{"line":91,"column":0},"end":{"line":91,"column":133}},"91":{"start":{"line":92,"column":0},"end":{"line":92,"column":110}},"92":{"start":{"line":93,"column":0},"end":{"line":93,"column":137}},"93":{"start":{"line":94,"column":0},"end":{"line":94,"column":77}},"94":{"start":{"line":95,"column":0},"end":{"line":95,"column":18}},"95":{"start":{"line":96,"column":0},"end":{"line":96,"column":17}},"96":{"start":{"line":97,"column":0},"end":{"line":97,"column":135}},"97":{"start":{"line":98,"column":0},"end":{"line":98,"column":106}},"98":{"start":{"line":99,"column":0},"end":{"line":99,"column":134}},"99":{"start":{"line":100,"column":0},"end":{"line":100,"column":82}},"100":{"start":{"line":101,"column":0},"end":{"line":101,"column":97}},"101":{"start":{"line":102,"column":0},"end":{"line":102,"column":79}},"102":{"start":{"line":103,"column":0},"end":{"line":103,"column":18}},"103":{"start":{"line":104,"column":0},"end":{"line":104,"column":16}},"105":{"start":{"line":106,"column":0},"end":{"line":106,"column":108}},"106":{"start":{"line":107,"column":0},"end":{"line":107,"column":162}},"107":{"start":{"line":108,"column":0},"end":{"line":108,"column":45}},"108":{"start":{"line":109,"column":0},"end":{"line":109,"column":19}},"109":{"start":{"line":110,"column":0},"end":{"line":110,"column":15}},"110":{"start":{"line":111,"column":0},"end":{"line":111,"column":12}},"111":{"start":{"line":112,"column":0},"end":{"line":112,"column":10}},"112":{"start":{"line":113,"column":0},"end":{"line":113,"column":8}},"115":{"start":{"line":116,"column":0},"end":{"line":116,"column":14}},"116":{"start":{"line":117,"column":0},"end":{"line":117,"column":35}},"117":{"start":{"line":118,"column":0},"end":{"line":118,"column":38}},"118":{"start":{"line":119,"column":0},"end":{"line":119,"column":25}},"119":{"start":{"line":120,"column":0},"end":{"line":120,"column":49}},"120":{"start":{"line":121,"column":0},"end":{"line":121,"column":0}},"121":{"start":{"line":122,"column":0},"end":{"line":122,"column":26}},"122":{"start":{"line":123,"column":0},"end":{"line":123,"column":24}},"123":{"start":{"line":124,"column":0},"end":{"line":124,"column":22}},"124":{"start":{"line":125,"column":0},"end":{"line":125,"column":25}},"125":{"start":{"line":126,"column":0},"end":{"line":126,"column":28}},"126":{"start":{"line":127,"column":0},"end":{"line":127,"column":26}},"127":{"start":{"line":128,"column":0},"end":{"line":128,"column":30}},"128":{"start":{"line":129,"column":0},"end":{"line":129,"column":28}},"129":{"start":{"line":130,"column":0},"end":{"line":130,"column":27}},"130":{"start":{"line":131,"column":0},"end":{"line":131,"column":115}},"131":{"start":{"line":132,"column":0},"end":{"line":132,"column":54}},"132":{"start":{"line":133,"column":0},"end":{"line":133,"column":58}},"133":{"start":{"line":134,"column":0},"end":{"line":134,"column":51}},"134":{"start":{"line":135,"column":0},"end":{"line":135,"column":0}},"135":{"start":{"line":136,"column":0},"end":{"line":136,"column":31}},"136":{"start":{"line":137,"column":0},"end":{"line":137,"column":144}},"137":{"start":{"line":138,"column":0},"end":{"line":138,"column":72}},"138":{"start":{"line":139,"column":0},"end":{"line":139,"column":34}},"139":{"start":{"line":140,"column":0},"end":{"line":140,"column":24}},"140":{"start":{"line":141,"column":0},"end":{"line":141,"column":30}},"141":{"start":{"line":142,"column":0},"end":{"line":142,"column":81}},"142":{"start":
[...]
:206,"column":1}},"loc":{"start":{"line":203,"column":0},"end":{"line":206,"column":1}},"line":203},"12":{"name":"statusLabel","decl":{"start":{"line":208,"column":0},"end":{"line":208,"column":103}},"loc":{"start":{"line":208,"column":0},"end":{"line":208,"column":103}},"line":208},"13":{"name":"statusClass","decl":{"start":{"line":209,"column":0},"end":{"line":211,"column":1}},"loc":{"start":{"line":209,"column":0},"end":{"line":211,"column":1}},"line":209},"14":{"name":"onClick._cache.<computed>._cache.<computed>","decl":{"start":{"line":5,"column":22},"end":{"line":5,"column":59}},"loc":{"start":{"line":5,"column":22},"end":{"line":5,"column":59}},"line":5},"15":{"name":"onUpdate:modelValue._cache.<computed>._cache.<computed>","decl":{"start":{"line":18,"column":30},"end":{"line":18,"column":47}},"loc":{"start":{"line":18,"column":30},"end":{"line":18,"column":47}},"line":18},"16":{"name":"onBlur._cache.<computed>._cache.<computed>","decl":{"start":{"line":19,"column":48},"end":{"line":19,"column":78}},"loc":{"start":{"line":19,"column":48},"end":{"line":19,"column":78}},"line":19},"17":{"name":"onUpdate:modelValue._cache.<computed>._cache.<computed>","decl":{"start":{"line":33,"column":30},"end":{"line":33,"column":45}},"loc":{"start":{"line":33,"column":30},"end":{"line":33,"column":45}},"line":33},"18":{"name":"onBlur._cache.<computed>._cache.<computed>","decl":{"start":{"line":34,"column":46},"end":{"line":34,"column":74}},"loc":{"start":{"line":34,"column":46},"end":{"line":34,"column":74}},"line":34},"19":{"name":"onUpdate:modelValue._cache.<computed>._cache.<computed>","decl":{"start":{"line":45,"column":30},"end":{"line":45,"column":47}},"loc":{"start":{"line":45,"column":30},"end":{"line":45,"column":47}},"line":45},"20":{"name":"onClick","decl":{"start":{"line":81,"column":59},"end":{"line":81,"column":79}},"loc":{"start":{"line":81,"column":59},"end":{"line":81,"column":79}},"line":81}},"f":{"0":0,"1":0,"2":0,"3":0,"4":0,"5":0,"6":1,"7":0,"8":9,"9":1,"10":1,"11":11,"12":11,"13":11,"14":0,"15":0,"16":0,"17":0,"18":0,"19":1,"20":1}}
,"/app/src/views/ShipperDashboard.vue": {"path":"/app/src/views/ShipperDashboard.vue","all":true,"statementMap":{"1":{"start":{"line":2,"column":0},"end":{"line":2,"column":44}},"2":{"start":{"line":3,"column":0},"end":{"line":3,"column":35}},"3":{"start":{"line":4,"column":0},"end":{"line":4,"column":103}},"4":{"start":{"line":5,"column":0},"end":{"line":5,"column":13}},"5":{"start":{"line":6,"column":0},"end":{"line":6,"column":65}},"6":{"start":{"line":7,"column":0},"end":{"line":7,"column":54}},"7":{"start":{"line":8,"column":0},"end":{"line":8,"column":14}},"8":{"start":{"line":9,"column":0},"end":{"line":9,"column":37}},"9":{"start":{"line":10,"column":0},"end":{"line":10,"column":129}},"11":{"start":{"line":12,"column":0},"end":{"line":12,"column":17}},"12":{"start":{"line":13,"column":0},"end":{"line":13,"column":12}},"14":{"start":{"line":15,"column":0},"end":{"line":15,"column":42}},"15":{"start":{"line":16,"column":0},"end":{"line":16,"column":55}},"16":{"start":{"line":17,"column":0},"end":{"line":17,"column":98}},"17":{"start":{"line":18,"column":0},"end":{"line":18,"column":45}},"18":{"start":{"line":19,"column":0},"end":{"line":19,"column":69}},"19":{"start":{"line":20,"column":0},"end":{"line":20,"column":65}},"20":{"start":{"line":21,"column":0},"end":{"line":21,"column":14}},"21":{"start":{"line":22,"column":0},"end":{"line":22,"column":54}},"22":{"start":{"line":23,"column":0},"end":{"line":23,"column":98}},"23":{"start":{"line":24,"column":0},"end":{"line":24,"column":45}},"24":{"start":{"line":25,"column":0},"end":{"line":25,"column":65}},"25":{"start":{"line":26,"column":0},"end":{"line":26,"column":60}},"26":{"start":{"line":27,"column":0},"end":{"line":27,"column":14}},"27":{"start":{"line":28,"column":0},"end":{"line":28,"column":46}},"28":{"start":{"line":29,"column":0},"end":{"line":29,"column":98}},"29":{"start":{"line":30,"column":0},"end":{"line":30,"column":45}},"30":{"start":{"line":31,"column":0},"end":{"line":31,"column":65}},"31":{"start":{"line":32,"column":0},"end":{"line":32,"column":63}},"32":{"start":{"line":33,"column":0},"end":{"line":33,"column":14}},"33":{"start":{"line":34,"column":0},"end":{"line":34,"column":12}},"34":{"start":{"line":35,"column":0},"end":{"line":35,"column":10}},"35":{"start":{"line":36,"column":0},"end":{"line":36,"column":8}},"38":{"start":{"line":39,"column":0},"end":{"line":39,"column":14}},"39":{"start":{"line":40,"column":0},"end":{"line":40,"column":38}},"40":{"start":{"line":41,"column":0},"end":{"line":41,"column":48}},"41":{"start":{"line":42,"column":0},"end":{"line":42,"column":0}},"42":{"start":{"line":43,"column":0},"end":{"line":43,"column":26}},"43":{"start":{"line":44,"column":0},"end":{"line":44,"column":27}},"44":{"start":{"line":45,"column":0},"end":{"line":45,"column":0}},"45":{"start":{"line":46,"column":0},"end":{"line":46,"column":25}},"46":{"start":{"line":47,"column":0},"end":{"line":47,"column":15}},"47":{"start":{"line":48,"column":0},"end":{"line":48,"column":31}},"48":{"start":{"line":49,"column":0},"end":{"line":49,"column":1}}},"s":{"1":0,"2":0,"3":0,"4":0,"5":0,"6":0,"7":0,"8":0,"9":0,"11":0,"12":0,"14":0,"15":0,"16":0,"17":0,"18":0,"19":0,"20":0,"21":0,"22":0,"23":0,"24":0,"25":0,"26":0,"27":0,"28":0,"29":0,"30":0,"31":0,"32":0,"33":0,"34":0,"35":0,"38":0,"39":0,"40":0,"41":0,"42":0,"43":0,"44":0,"45":0,"46":0,"47":0,"48":0},"branchMap":{"0":{"type":"branch","line":1,"loc":{"start":{"line":1,"column":1976},"end":{"line":50,"column":9}},"locations":[{"start":{"line":1,"column":1976},"end":{"line":50,"column":9}}]}},"b":{"0":[1]},"fnMap":{"0":{"name":"(empty-report)","decl":{"start":{"line":1,"column":1976},"end":{"line":50,"column":9}},"loc":{"start":{"line":1,"column":1976},"end":{"line":50,"column":9}},"line":1}},"f":{"0":1}}
,"/app/src/views/Tracking.vue": {"path":"/app/src/views/Tracking.vue","all":false,"statementMap":{"1":{"start":{"line":2,"column":0},"end":{"line":2,"column":64}},"2":{"start":{"line":3,"column":0},"end":{"line":3,"column":33}},"3":{"start":{"line":4,"column":0},"end":{"line":4,"column":24}},"4":{"start":{"line":5,"column":0},"end":{"line":5,"column":95}},"5":{"start":{"line":6,"column":0},"end":{"line":6,"column":75}},"6":{"start":{"line":7,"column":0},"end":{"line":7,"column":94}},"7":{"start":{"line":8,"column":0},"end":{"line":8,"column":76}},"8":{"start":{"line":9,"column":0},"end":{"line":9,"column":12}},"9":{"start":{"line":10,"column":0},"end":{"line":10,"column":77}},"11":{"start":{"line":12,"column":0},"end":{"line":12,"column":55}},"12":{"start":{"line":13,"column":0},"end":{"line":13,"column":45}},"13":{"start":{"line":14,"column":0},"end":{"line":14,"column":70}},"14":{"start":{"line":15,"column":0},"end":{"line":15,"column":34}},"15":{"start":{"line":16,"column":0},"end":{"line":16,"column":92}},"16":{"start":{"line":17,"column":0},"end":{"line":17,"column":146}},"17":{"start":{"line":18,"column":0},"end":{"line":18,"column":53}},"18":{"start":{"line":19,"column":0},"end":{"line":19,"column":178}},"19":{"start":{"line":20,"column":0},"end":{"line":20,"column":47}},"20":{"start":{"line":21,"column":0},"end":{"line":21,"column":21}},"21":{"start":{"line":22,"column":0},"end":{"line":22,"column":16}},"22":{"start":{"line":23,"column":0},"end":{"line":23,"column":15}},"23":{"start":{"line":24,"column":0},"end":{"line":24,"column":12}},"25":{"start":{"line":26,"column":0},"end":{"line":26,"column":139}},"27":{"start":{"line":28,"column":0},"end":{"line":28,"column":64}},"28":{"start":{"line":29,"column":0},"end":{"line":29,"column":62}},"29":{"start":{"line":30,"column":0},"end":{"line":30,"column":38}},"30":{"start":{"line":31,"column":0},"end":{"line":31,"column":34}},"31":{"start":{"line":32,"column":0},"end":{"line":32,"column":62}},"32":{"start":{"line":33,"column":0},"end":{"line":33,"column":77}},"33":{"start":{"line":34,"column":0},"end":{"line":34,"column":16}},"34":{"start":{"line":35,"column":0},"end":{"line":35,"column":47}},"35":{"start":{"line":36,"column":0},"end":{"line":36,"column":63}},"36":{"start":{"line":37,"column":0},"end":{"line":37,"column":67}},"37":{"start":{"line":38,"column":0},"end":{"line":38,"column":16}},"38":{"start":{"line":39,"column":0},"end":{"line":39,"column":34}},"39":{"start":{"line":40,"column":0},"end":{"line":40,"column":61}},"40":{"start":{"line":41,"column":0},"end":{"line":41,"column":54}},"41":{"start":{"line":42,"column":0},"end":{"line":42,"column":16}},"42":{"start":{"line":43,"column":0},"end":{"line":43,"column":34}},"43":{"start":{"line":44,"column":0},"end":{"line":44,"column":61}},"44":{"start":{"line":45,"column":0},"end":{"line":45,"column":52}},"45":{"start":{"line":46,"column":0},"end":{"line":46,"column":16}},"46":{"start":{"line":47,"column":0},"end":{"line":47,"column":34}},"47":{"start":{"line":48,"column":0},"end":{"line":48,"column":62}},"48":{"start":{"line":49,"column":0},"end":{"line":49,"column":64}},"49":{"start":{"line":50,"column":0},"end":{"line":50,"column":16}},"50":{"start":{"line":51,"column":0},"end":{"line":51,"column":34}},"51":{"start":{"line":52,"column":0},"end":{"line":52,"column":62}},"52":{"start":{"line":53,"column":0},"end":{"line":53,"column":63}},"53":{"start":{"line":54,"column":0},"end":{"line":54,"column":16}},"54":{"start":{"line":55,"column":0},"end":{"line":55,"column":13}},"55":{"start":{"line":56,"column":0},"end":{"line":56,"column":12}},"56":{"start":{"line":57,"column":0},"end":{"line":57,"column":10}},"57":{"start":{"line":58,"column":0},"end":{"line":58,"column":8}},"60":{"start":{"line":61,"column":0},"end":{"line":61,"column":14}},"61":{"start":{"line":62,"column":0},"end":{"line":62,"column":45}},"62":{"start":{"line":63,"column":0},"end":{"line":63,"column":38}},"63":{"start":{"line":64,"column":0},"end":{"line":64,"column":25}},"64":{"start":{"line":65,"column":0},"end":{"line":65,"column":69}},"65":{"start":{"line":66,"column":0},"end":{"line":66,"column":48}},"66":{"start":{"line":67,"column":0},"end":{"line":67,"column":0}},"67":{"start":{"line":68,"column":0},"end":{"line":68,"column":26}},"68":{"start":{"line":69,"column":0},"end":{"line":69,"column":27}},"69":{"start":{"line":70,"column":0},"end":{"line":70,"column":30}},"70":{"start":{"line":71,"column":0},"end":{"line":71,"column":26}},"71":{"start":{"line":72,"column":0},"end":{"line":72,"column":28}},"72":{"start":{"line":73,"column":0},"end":{"line":73,"column":24}},"73":{"start":{"line":74,"column":0},"end":{"line":74,"column":20}},"74":{"start":{"line":75,"column":0},"end":{"line":75,"column":0}},"75":{"start":{"line":76,"column":0},"end":{"line":76,"column":31}},"76":{"start":{"line":77,"column":0},"end":{"line":77,"column":68}},"77":{"start":{"line":78,"column":0},"end":{"line":78,"column":7}},"78":{"start":{"line":79,"column":0},"end":{"line":79,"column":75}},"79":{"start":{"line":80,"column":0},"end":{"line":80,"column":43}},"80":{"start":{"line":81,"column":0},"end":{"line":81,"column":17}},"81":{"start":{"line":82,"column":0},"end":{"line":82,"column":91}},"82":{"start":{"line":83,"column":0},"end":{"line":83,"column":17}},"83":{"start":{"line":84,"column":0},"end":{"line":84,"column":37}},"84":{"start":{"line":85,"column":0},"end":{"line":85,"column":1}},"85":{"start":{"line":86,"column":0},"end":{"line":86,"column":0}},"86":{"start":{"line":87,"column":0},"end":{"line":87,"column":34}},"87":{"start":{"line":88,"column":0},"end":{"line":88,"column":52}},"88":{"start":{"line":89,"column":0},"end":{"line":89,"column":7}},"89":{"start":{"line":90,"column":0},"end":{"line":90,"column":75}},"90":{"start":{"line":91,"column":0},"end":{"line":91,"column":27}},"91":{"start":{"line":92,"column":0},"end":{"line":92,"column":58}},"92":{"start":{"line":93,"column":0},"end":{"line":93,"column":12}},"93":{"start":{"line":94,"column":0},"end":{"line":94,"column":1}},"94":{"start":{"line":95,"column":0},"end":{"line":95,"column":0}},"95":{"start":{"line":96,"column":0},"end":{"line":96,"column":141}},"96":{"start":{"line":97,"column":0},"end":{"line":97,"column":88}},"97":{"start":{"line":98,"column":0},"end":{"line":98,"column":24}},"98":{"start":{"line":99,"column":0},"end":{"line":99,"column":67}},"99":{"start":{"line":100,"column":0},"end":{"line":100,"column":0}},"100":{"start":{"line":101,"column":0},"end":{"line":101,"column":24}},"101":{"start":{"line":102,"column":0},"end":{"line":102,"column":20}},"102":{"start":{"line":103,"column":0},"end":{"line":103,"column":135}},"103":{"start":{"line":104,"column":0},"end":{"line":104,"column":1}}},"s":{"1":1,"2":1,"3":1,"4":1,"5":0,"6":1,"7":0,"8":1,"9":1,"11":1,"12":1,"13":1,"14":1,"15":1,"16":1,"17":1,"18":1,"19":1,"20":1,"21":1,"22":1,"23":1,"25":1,"27":1,"28":1,"29":1,"30":1,"31":1,"32":1,"33":1,"34":1,"35":1,"36":1,"37":1,"38":1,"39":1,"40":1,"41":1,"42":1,"43":1,"44":1,"45":1,"46":1,"47":1,"48":1,"49":1,"50":1,"51":1,"52":1,"53":1,"54":1,"55":1,"56":1,"57":1,"60":1,"61":1,"62":1,"63":1,"64":1,"65":1,"66":1,"67":1,"68":1,"69":1,"70":1,"71":1,"72":1,"73":1,"74":1,"75":7,"76":7,"77":7,"78":7,"79":4,"80":7,"81":2,"82":2,"83":7,"84":7,"85":1,"86":1,"87":1,"88":1,"89":1,"90":1,"91":1,"92":1,"93":1,"94":1,"95":4,"96":14,"97":1,"98":1,"99":1,"100":8,"101":8,"102":8,"103":8},"branchMap":{"0":{"type":"branch","line":76,"loc":{"start":{"line":76,"column":0},"end":{"line":85,"column":1}},"locations":[{"start":{"line":76,"column":0},"end":{"line":85,"column":1}}]},"1":{"type":"branch","line":80,"loc":{"start":{"line":80,"column":-2},"end":{"line":81,"column":4}},"locations":[{"start":{"line":80,"column":-2},"end":{"line":81,"column":4}}]},"2":{"type":"branch","line":81,"loc":{"start":{"line":81,"column":4},"end":{"line":84,"column":3}},"locations":[{"start":{"line":81,"column":4},"end":{"line":84,"column":3}}]},"3":{"type":"branch","line":82,"loc":{"start":{"line":82,"column":54},"end":{"line":82,"column":76}},"locations":[{"start":{"line":82,"column":54},"end":{"line":82,"column":76}}]},"4":{"type":"branch","line":82,"loc":{"start":{"line":82,"column":77},"end":{"line":82,"column":91}},"locations":[{"start":{"line":82,"column":77},"end":{"line":82,"column":91}}]},"5":{"type":"branch","line":84,"loc":{"start":{"line":84,"column":3},"end":{"line":84,"column":37}},"locations":[{"start":{"line":84,"column":3},"end":{"line":84,"column":37}}]},"6":{"type":"branch","line":87,"loc":{"start":{"line":87,"column":0},"end":{"line":94,"column":1}},"locations":[{"start":{"line":87,"column":0},"end":{"line":94,"column":1}}]},"7":{"type":"branch","line":88,"loc":{"start":{"line":88,"column":46},"end":{"line":88,"column":52}},"locations":[{"start":{"line":88,"column":46},"end":{"line":88,"column":52}}]},"8":{"type":"branch","line":92,"loc":{"start":{"line":92,"column":45},"end":{"line":92,"column":58}},"locations":[{"start":{"line":92,"column":45},"end":{"line":92,"column":58}}]},"9":{"type":"branch","line":93,"loc":{"start":{"line":93,"column":4},"end":{"line":93,"column":12}},"locations":[{"start":{"line":93,"column":4},"end":{"line":93,"column":12}}]},"10":{"type":"branch","line":96,"loc":{"start":{"line":96,"column":0},"end":{"line":96,"column":141}},"locations":[{"start":{"line":96,"column":0},"end":{"line":96,"column":141}}]},"11":{"type":"branch","line":96,"loc":{"start":{"line":96,"column":83},"end":{"line":96,"column":90}},"locations":[{"start":{"line":96,"column":83},"end":{"line":96,"column":90}}]},"12":{"type":"branch","line":96,"loc":{"start":{"line":96,"column":90},"end":{"line":96,"column":140}},"locations":[{"start":{"line":96,"column":90},"end":{"line":96,"column":140}}]},"13":{"type":"branch","line":97,"loc":{"start":{"line":97,"column":0},"end":{"line":97,"column":88}},"locations":[{"start":{"line":97,"column":0},"end":{"line":97,"column":88}}]},"14":{"type":"branch","line":97,"loc":{"start":{"line":97,"column":40},"end":{"line":97,"column":86}},"locations":[{"start":{"line":97,"column":40},"end":{"line":97,"column":86}}]},"15":{"type":"branch","line":99,"loc":{"start":{"line":99,"column":22},"end":{"line":99,"column":66}},"locations":[{"start":{"line":99,"column":22},"end":{"line":99,"column":66}}]},"16":{"type":"branch","line":101,"loc":{"start":{"line":101,"column":0},"end":{"line":104,"column":1}},"locations":[{"start":{"line":101,"column":0},"end":{"line":104,"column":1}}]},"17":{"type":"branch","line":102,"loc":{"start":{"line":102,"column":10},"end":{"line":102,"column":20}},"locations":[{"start":{"line":102,"column":10},"end":{"line":102,"column":20}}]},"18":{"type":"branch","line":5,"loc":{"start":{"line":5,"column":8},"end":{"line":6,"column":75}},"locations":[{"start":{"line":5,"column":8},"end":{"line":6,"column":75}}]},"19":{"type":"branch","line":7,"loc":{"start":{"line":7,"column":8},"end":{"line":8,"column":76}},"locations":[{"start":{"line":7,"column":8},"end":{"line":8,"column":76}}]},"20":{"type":"branch","line":10,"loc":{"start":{"line":10,"column":6},"end":{"line":10,"column":77}},"locations":[{"start":{"line":10,"column":6},"end":{"line":10,"column":77}}]},"21":{"type":"branch","line":14,"loc":{"start":{"line":14,"column":10},"end":{"line":14,"column":70}},"locations":[{"start":{"line":14,"column":10},"end":{"line":14,"column":70}}]},"22":{"type":"branch","line":16,"loc":{"start":{"line":16,"column":28},"end":{"line":16,"column":44}},"locations":[{"start":{"line":16,"column":28},"end":{"line":16,"column":44}}]},"23":{"type":"branch","line":20,"loc":{"start":{"line":20,"column":24},"end":{"line":20,"column":47}},"locations":[{"start":{"line":20,"column":24},"end":{"line":20,"column":47}}]},"24":{"type":"branch","line":20,"loc":{"start":{"line":20,"column":24},"end":{"line":20,"column":47}},"locations":[{"start":{"line":20,"column":24},"end":{"line":20,"column":47}}]},"25":{"type":"branch","line":26,"loc":{"start":{"line":26,"column":6},"end":{"line":26,"column":139}},"locations":[{"start":{"line":26,"column":6},"end":{"line":26,"column":139}}]},"26":{"type":"branch","line":16,"loc":{"start":{"line":16,"column":28},"end":{"line":16,"column":44}},"locations":[{"start":{"line":16,"column":28},"end":{"line":16,"column":44}}]}},"b":{"0":[7],"1":[4],"2":[2],"3":[1],"4":[1],"5":[6],"6":[1],"7":[0],"8":[0],"9":[0],"10":[4],"11":[1],"12":[3],"13":[14],"14":[1],"15":[8],"16":[8],"17":[0],"18":[0],"19":[0],"20":[8],"21":[8],"22":[8],"23":[7],"24":[22],"25":[2],"26":[8]},"fnMap":{"0":{"name":"handleSearch","decl":{"start":{"line":76,"column":0},"end":{"line":85,"column":1}},"loc":{"start":{"line":76,"column":0},"end":{"line":85,"column":1}},"line":76},"1":{"name":"refreshTracking","decl":{"start":{"line":87,"column":0},"end":{"line":94,"column":1}},"loc":{"start":{"line":87,"column":0},"end":{"line":94,"column":1}},"line":87},"2":{"name":"startPolling","decl":{"start":{"line":96,"column":0},"end":{"line":96,"column":141}},"loc":{"start":{"line":96,"column":0},"end":{"line":96,"column":141}},"line":96},"3":{"name":"stopPolling","decl":{"start":{"line":97,"column":0},"end":{"line":97,"column":88}},"loc":{"start":{"line":97,"column":0},"end":{"line":97,"column":88}},"line":97},"4":{"name":"formatDate","decl":{"start":{"line":101,"column":0},"end":{"line":104,"column":1}},"loc":{"start":{"line":101,"column":0},"end":{"line":104,"column":1}},"line":101},"5":{"name":"onClick._cache.<computed>._cache.<computed>","decl":{"start":{"line":5,"column":58},"end":{"line":5,"column":95}},"loc":{"start":{"line":5,"column":58},"end":{"line":5,"column":95}},"line":5},"6":{"name":"onClick._cache.<computed>._cache.<computed>","decl":{"start":{"line":7,"column":58},"end":{"line":7,"column":94}},"loc":{"start":{"line":7,"column":58},"end":{"line":7,"column":94}},"line":7},"7":{"name":"onUpdate:modelValue._cache.<computed>._cache.<computed>","decl":{"start":{"line":16,"column":28},"end":{"line":16,"column":44}},"loc":{"start":{"line":16,"column":28},"end":{"line":16,"column":44}},"line":16}},"f":{"0":7,"1":1,"2":4,"3":14,"4":8,"5":0,"6":0,"7":8}}
}
